This is LuaTeX, Version beta-0.80.0 (TeX Live 2015/Debian) (rev 5238)  (format=lualatex 2020.3.11)  3 DEC 2020 23:19
 \write18 enabled.
**Main.tex
(./Main.tex
LaTeX2e <2016/02/01>
Babel <3.9q> and hyphenation patterns for 1 language(s) loaded.
(/usr/share/texlive/texmf-dist/tex/latex/base/book.cls
Document Class: book 2014/09/29 v1.4h Standard LaTeX document class
(/usr/share/texlive/texmf-dist/tex/latex/base/bk10.clo
File: bk10.clo 2014/09/29 v1.4h Standard LaTeX file (size option)
)
\c@part=\count79
\c@chapter=\count80
\c@section=\count81
\c@subsection=\count82
\c@subsubsection=\count83
\c@paragraph=\count84
\c@subparagraph=\count85
\c@figure=\count86
\c@table=\count87
\abovecaptionskip=\skip41
\belowcaptionskip=\skip42
\bibindent=\dimen102
) (./Header.tex
(./Packages.tex (/usr/share/texlive/texmf-dist/tex/latex/xifthen/xifthen.sty
Package: xifthen 2015/11/05 v1.4.0 Extended ifthen features

(/usr/share/texlive/texmf-dist/tex/latex/tools/calc.sty
Package: calc 2014/10/28 v4.3 Infix arithmetic (KKT,FJ)
\calc@Acount=\count88
\calc@Bcount=\count89
\calc@Adimen=\dimen103
\calc@Bdimen=\dimen104
\calc@Askip=\skip43
\calc@Bskip=\skip44
LaTeX Info: Redefining \setlength on input line 80.
LaTeX Info: Redefining \addtolength on input line 81.
\calc@Ccount=\count90
\calc@Cskip=\skip45
)
(/usr/share/texlive/texmf-dist/tex/latex/base/ifthen.sty
Package: ifthen 2014/09/29 v1.1c Standard LaTeX ifthen package (DPC)
)
(/usr/share/texlive/texmf-dist/tex/latex/ifmtarg/ifmtarg.sty
Package: ifmtarg 2009/09/02 v1.2a check for an empty argument
))
(/usr/share/texlive/texmf-dist/tex/latex/eulervm/eulervm.sty
Package: eulervm 2005/01/11 v4.0 (WaS)
)
(/usr/share/texlive/texmf-dist/tex/latex/fontspec/fontspec.sty
(/usr/share/texlive/texmf-dist/tex/latex/l3kernel/expl3.sty
Package: expl3 2016/01/19 v6377 L3 programming layer (loader) 

(/usr/share/texlive/texmf-dist/tex/latex/l3kernel/expl3-code.tex
Package: expl3 2016/01/19 v6377 L3 programming layer (code)
L3 Module: l3bootstrap 2016/01/01 v6339 L3 Bootstrap code
\ucharcat@table=\catcodetable5
L3 Module: l3names 2015/12/21 v6328 L3 Namespace for primitives
L3 Module: l3basics 2015/11/22 v6315 L3 Basic definitions
L3 Module: l3expan 2015/09/10 v5983 L3 Argument expansion
L3 Module: l3tl 2015/09/29 v6121 L3 Token lists
L3 Module: l3str 2016/01/03 v6357 L3 Strings
L3 Module: l3seq 2015/08/05 v5777 L3 Sequences and stacks
L3 Module: l3int 2016/01/05 v6366 L3 Integers
\c_max_int=\count91
\l_tmpa_int=\count92
\l_tmpb_int=\count93
\g_tmpa_int=\count94
\g_tmpb_int=\count95
L3 Module: l3quark 2015/08/17 v5855 L3 Quarks
L3 Module: l3prg 2015/11/01 v6216 L3 Control structures
\g__prg_map_int=\count96
L3 Module: l3clist 2015/09/02 v5901 L3 Comma separated lists
L3 Module: l3token 2015/11/11 v6249 L3 Experimental token manipulation
L3 Module: l3prop 2016/01/05 v6366 L3 Property lists
L3 Module: l3msg 2015/09/28 v6113 L3 Messages
L3 Module: l3file 2015/12/03 v6317 L3 File and I/O operations
\l_iow_line_count_int=\count97
\l__iow_target_count_int=\count98
\l__iow_current_line_int=\count99
\l__iow_current_word_int=\count100
\l__iow_current_indentation_int=\count101
L3 Module: l3skip 2016/01/05 v6366 L3 Dimensions and skips
\c_zero_dim=\dimen105
\c_max_dim=\dimen106
\l_tmpa_dim=\dimen107
\l_tmpb_dim=\dimen108
\g_tmpa_dim=\dimen109
\g_tmpb_dim=\dimen110
\c_zero_skip=\skip46
\c_max_skip=\skip47
\l_tmpa_skip=\skip48
\l_tmpb_skip=\skip49
\g_tmpa_skip=\skip50
\g_tmpb_skip=\skip51
\c_zero_muskip=\muskip10
\c_max_muskip=\muskip11
\l_tmpa_muskip=\muskip12
\l_tmpb_muskip=\muskip13
\g_tmpa_muskip=\muskip14
\g_tmpb_muskip=\muskip15
L3 Module: l3keys 2015/11/17 v6284 L3 Key-value interfaces
\g__keyval_level_int=\count102
\l_keys_choice_int=\count103
L3 Module: l3fp 2015/08/25 v5890 L3 Floating points
\c__fp_leading_shift_int=\count104
\c__fp_middle_shift_int=\count105
\c__fp_trailing_shift_int=\count106
\c__fp_big_leading_shift_int=\count107
\c__fp_big_middle_shift_int=\count108
\c__fp_big_trailing_shift_int=\count109
\c__fp_Bigg_leading_shift_int=\count110
\c__fp_Bigg_middle_shift_int=\count111
\c__fp_Bigg_trailing_shift_int=\count112
L3 Module: l3box 2015/08/09 v5822 L3 Experimental boxes
\c_empty_box=\box26
\l_tmpa_box=\box27
\l_tmpb_box=\box28
\g_tmpa_box=\box29
\g_tmpb_box=\box30
L3 Module: l3coffins 2015/08/06 v5789 L3 Coffin code layer
\l__coffin_internal_box=\box31
\l__coffin_internal_dim=\dimen111
\l__coffin_offset_x_dim=\dimen112
\l__coffin_offset_y_dim=\dimen113
\l__coffin_x_dim=\dimen114
\l__coffin_y_dim=\dimen115
\l__coffin_x_prime_dim=\dimen116
\l__coffin_y_prime_dim=\dimen117
\c_empty_coffin=\box32
\l__coffin_aligned_coffin=\box33
\l__coffin_aligned_internal_coffin=\box34
\l_tmpa_coffin=\box35
\l_tmpb_coffin=\box36
\l__coffin_display_coffin=\box37
\l__coffin_display_coord_coffin=\box38
\l__coffin_display_pole_coffin=\box39
\l__coffin_display_offset_dim=\dimen118
\l__coffin_display_x_dim=\dimen119
\l__coffin_display_y_dim=\dimen120
L3 Module: l3color 2014/08/23 v5354 L3 Experimental color support
L3 Module: l3sys 2015/09/25 v6087 L3 Experimental system/runtime functions
L3 Module: l3candidates 2016/01/14 v6376 L3 Experimental additions to l3kernel
\l__box_top_dim=\dimen121
\l__box_bottom_dim=\dimen122
\l__box_left_dim=\dimen123
\l__box_right_dim=\dimen124
\l__box_top_new_dim=\dimen125
\l__box_bottom_new_dim=\dimen126
\l__box_left_new_dim=\dimen127
\l__box_right_new_dim=\dimen128
\l__box_internal_box=\box40
\l__coffin_bounding_shift_dim=\dimen129
\l__coffin_left_corner_dim=\dimen130
\l__coffin_right_corner_dim=\dimen131
\l__coffin_bottom_corner_dim=\dimen132
\l__coffin_top_corner_dim=\dimen133
\l__coffin_scaled_total_height_dim=\dimen134
\l__coffin_scaled_width_dim=\dimen135
L3 Module: l3luatex 2015/11/11 v6250 L3 Experimental LuaTeX-specific functions
)
(/usr/share/texlive/texmf-dist/tex/latex/l3kernel/l3pdfmode.def
File: l3pdfmode.def 2015/11/11 v6250 L3 Experimental driver: PDF mode
\l__driver_color_stack_int=\count113
))
(/usr/share/texlive/texmf-dist/tex/latex/l3packages/xparse/xparse.sty
Package: xparse 2016/01/19 v6377 L3 Experimental document command parser
\l__xparse_current_arg_int=\count114
\l__xparse_m_args_int=\count115
\l__xparse_mandatory_args_int=\count116
\l__xparse_processor_int=\count117
\l__xparse_v_nesting_int=\count118
)
Package: fontspec 2016/02/01 v2.5a Font selection for XeLaTeX and LuaLaTeX

(/usr/share/texlive/texmf-dist/tex/luatex/luaotfload/luaotfload.sty
Package: luaotfload 2015/12/09 v2.6 OpenType layout system
Lua module: luaotfload-main 2015/12/09 2.60001 OpenType layout system.
Lua module: lualibs 2015-12-02 2.3 ConTeXt Lua standard libraries.
Lua module: lualibs-extended 2015-12-02 2.3 ConTeXt Lua libraries -- extended co
llection.(using write cache: /home/alex/.texmf-var/luatex-cache/generic)(using r
ead cache: /var/lib/texmf/luatex-cache/generic /home/alex/.texmf-var/luatex-cach
e/generic)
luaotfload | conf : Root cache directory is /home/alex/.texmf-var/luatex-cache/g
eneric/names.
luaotfload | init : Loading fontloader “fontloader-2016-02-12.lua” from kpse
-resolved path “/usr/share/texlive/texmf-dist/tex/luatex/luaotfload/fontloader
-2016-02-12.lua”.
Lua-only attribute luaotfload@state = 1
Lua-only attribute luaotfload@cursbase = 2
Lua-only attribute luaotfload@noligature = 3
luaotfload | init : Context OpenType loader version “2.82”
Inserting `luaotfload.node_processor' at position 1 in `pre_linebreak_filter'.
Inserting `luaotfload.node_processor' at position 1 in `hpack_filter'.
Inserting `luaotfload.define_font' at position 1 in `define_font'.
Lua-only attribute luaotfload_color_attribute = 4
luaotfload | conf : Root cache directory is /home/alex/.texmf-var/luatex-cache/g
eneric/names.
Inserting `luaotfload.aux.set_sscale_dimens' at position 1 in `luaotfload.patch_
font'.
Inserting `luaotfload.aux.patch_cambria_domh' at position 2 in `luaotfload.patch
_font'.
Inserting `luaotfload.aux.fixup_fontdata' at position 1 in `luaotfload.patch_fon
t_unsafe'.
Inserting `luaotfload.aux.set_capheight' at position 3 in `luaotfload.patch_font
'.
Inserting `luaotfload.rewrite_fontname' at position 4 in `luaotfload.patch_font'
.
luaotfload | main : initialization completed in 0.043 seconds)
Lua module: fontspec 2016/02/01 2.5a Advanced font selection for LuaLaTeX.
(/usr/share/texlive/texmf-dist/tex/latex/fontspec/fontspec-luatex.sty
Package: fontspec-luatex 2016/02/01 v2.5a Font selection for XeLaTeX and LuaLaTe
X
\l_fontspec_script_int=\count119
\l_fontspec_language_int=\count120
\l_fontspec_strnum_int=\count121
\l__fontspec_tmpa_dim=\dimen136
\l__fontspec_tmpb_dim=\dimen137
\l__fontspec_tmpc_dim=\dimen138
\g__file_internal_ior=\read1

(/usr/share/texlive/texmf-dist/tex/latex/base/fontenc.sty
Package: fontenc 2005/09/27 v1.99g Standard LaTeX package

(/usr/share/texlive/texmf-dist/tex/latex/euenc/eu2enc.def
File: eu2enc.def 2010/05/27 v0.1h Experimental Unicode font encodings
)
LaTeX Font Info:    Try loading font information for EU2+lmr on input line 105.

(/usr/share/texlive/texmf-dist/tex/latex/euenc/eu2lmr.fd
File: eu2lmr.fd 2009/10/30 v1.6 Font defs for Latin Modern
)
luaotfload | db : Font names database loaded from /home/alex/.texmf-var/luatex-c
ache/generic/names/luaotfload-names.luc(compiling luc: /var/lib/texmf/luatex-cac
he/generic/fonts/otf/lmroman10-regular.luc)(load luc: /home/alex/.texmf-var/luat
ex-cache/generic/fonts/otf/lmroman10-regular.luc))
(/usr/share/texlive/texmf-dist/tex/xelatex/xunicode/xunicode.sty
File: xunicode.sty 2011/09/09 v0.981 provides access to latin accents and many o
ther characters in Unicode lower plane

(/usr/share/texmf/tex/latex/tipa/t3enc.def
File: t3enc.def 2001/12/31 T3 encoding
(compiling luc: /var/lib/texmf/luatex-cache/generic/fonts/otf/lmromanslant10-reg
ular.luc)(load luc: /home/alex/.texmf-var/luatex-cache/generic/fonts/otf/lmroman
slant10-regular.luc)(compiling luc: /var/lib/texmf/luatex-cache/generic/fonts/ot
f/lmroman10-italic.luc)(load luc: /home/alex/.texmf-var/luatex-cache/generic/fon
ts/otf/lmroman10-italic.luc)(compiling luc: /var/lib/texmf/luatex-cache/generic/
fonts/otf/lmroman10-bold.luc)(load luc: /home/alex/.texmf-var/luatex-cache/gener
ic/fonts/otf/lmroman10-bold.luc)
LaTeX Font Info:    Try loading font information for EU2+lmss on input line 357.


(/usr/share/texlive/texmf-dist/tex/latex/euenc/eu2lmss.fd
File: eu2lmss.fd 2009/10/30 v1.6 Font defs for Latin Modern
)(compiling luc: /var/lib/texmf/luatex-cache/generic/fonts/otf/lmsans10-regular.
luc)(load luc: /home/alex/.texmf-var/luatex-cache/generic/fonts/otf/lmsans10-reg
ular.luc))
\tipaTiiicode=\count122
\tipasavetokens=\toks14
\tipachecktokens=\toks15

(/usr/share/texlive/texmf-dist/tex/latex/graphics/graphicx.sty
Package: graphicx 2014/10/28 v1.0g Enhanced LaTeX Graphics (DPC,SPQR)

(/usr/share/texlive/texmf-dist/tex/latex/graphics/keyval.sty
Package: keyval 2014/10/28 v1.15 key=value parser (DPC)
\KV@toks@=\toks16
)
(/usr/share/texlive/texmf-dist/tex/latex/graphics/graphics.sty
Package: graphics 2016/01/03 v1.0q Standard LaTeX Graphics (DPC,SPQR)

(/usr/share/texlive/texmf-dist/tex/latex/graphics/trig.sty
Package: trig 2016/01/03 v1.10 sin cos tan (DPC)
)
(/usr/share/texlive/texmf-dist/tex/latex/latexconfig/graphics.cfg
File: graphics.cfg 2010/04/23 v1.9 graphics configuration of TeX Live
)
Package graphics Info: Driver file: pdftex.def on input line 95.

(/usr/share/texlive/texmf-dist/tex/latex/pdftex-def/pdftex.def
File: pdftex.def 2011/05/27 v0.06d Graphics/color for pdfTeX

(/usr/share/texlive/texmf-dist/tex/generic/oberdiek/infwarerr.sty
Package: infwarerr 2010/04/08 v1.3 Providing info/warning/error messages (HO)
)
(/usr/share/texlive/texmf-dist/tex/generic/oberdiek/ltxcmds.sty
Package: ltxcmds 2011/11/09 v1.22 LaTeX kernel commands for general use (HO)
)
\Gread@gobject=\count123
))
\Gin@req@height=\dimen139
\Gin@req@width=\dimen140
))
.................................................
. LaTeX info: "xparse/define-command"
. 
. Defining command \__fontspec_post_arg:w with sig. 'mmO{}' on line 356.
.................................................
.................................................
. LaTeX info: "xparse/define-command"
. 
. Defining command \fontspec with sig. 'om' on line 358.
.................................................
.................................................
. LaTeX info: "xparse/define-command"
. 
. Defining command \setmainfont with sig. 'om' on line 368.
.................................................
.................................................
. LaTeX info: "xparse/define-command"
. 
. Defining command \setsansfont with sig. 'om' on line 378.
.................................................
.................................................
. LaTeX info: "xparse/define-command"
. 
. Defining command \setmonofont with sig. 'om' on line 388.
.................................................
.................................................
. LaTeX info: "xparse/define-command"
. 
. Defining command \setmathrm with sig. 'om' on line 402.
.................................................
.................................................
. LaTeX info: "xparse/define-command"
. 
. Defining command \setboldmathrm with sig. 'om' on line 410.
.................................................
.................................................
. LaTeX info: "xparse/define-command"
. 
. Defining command \setmathsf with sig. 'om' on line 418.
.................................................
.................................................
. LaTeX info: "xparse/define-command"
. 
. Defining command \setmathtt with sig. 'om' on line 426.
.................................................
.................................................
. LaTeX info: "xparse/define-command"
. 
. Defining command \newfontfamily with sig. 'mom' on line 440.
.................................................
.................................................
. LaTeX info: "xparse/define-command"
. 
. Defining command \newfontface with sig. 'mom' on line 456.
.................................................
.................................................
. LaTeX info: "xparse/define-command"
. 
. Defining command \defaultfontfeatures with sig. 't+om' on line 470.
.................................................
.................................................
. LaTeX info: "xparse/define-command"
. 
. Defining command \addfontfeatures with sig. 'm' on line 533.
.................................................
.................................................
. LaTeX info: "xparse/define-command"
. 
. Defining command \newfontfeature with sig. 'mm' on line 544.
.................................................
.................................................
. LaTeX info: "xparse/define-command"
. 
. Defining command \newAATfeature with sig. 'mmmm' on line 552.
.................................................
.................................................
. LaTeX info: "xparse/define-command"
. 
. Defining command \newopentypefeature with sig. 'mmm' on line 560.
.................................................
.................................................
. LaTeX info: "xparse/define-command"
. 
. Defining command \aliasfontfeature with sig. 'mm' on line 581.
.................................................
.................................................
. LaTeX info: "xparse/define-command"
. 
. Defining command \aliasfontfeatureoption with sig. 'mmm' on line 590.
.................................................
.................................................
. LaTeX info: "xparse/define-command"
. 
. Defining command \newfontscript with sig. 'mm' on line 594.
.................................................
.................................................
. LaTeX info: "xparse/define-command"
. 
. Defining command \newfontlanguage with sig. 'mm' on line 598.
.................................................
.................................................
. LaTeX info: "xparse/define-command"
. 
. Defining command \DeclareFontsExtensions with sig. 'm' on line 603.
.................................................
\l__fontspec_tmp_int=\count124

(/usr/share/texlive/texmf-dist/tex/latex/fontspec/fontspec.cfg)
LaTeX Info: Redefining \itshape on input line 2629.
LaTeX Info: Redefining \slshape on input line 2634.
LaTeX Info: Redefining \scshape on input line 2639.
LaTeX Info: Redefining \upshape on input line 2644.
\l__fontspec_em_int=\count125
\l__fontspec_emdef_int=\count126
LaTeX Info: Redefining \em on input line 2660.
LaTeX Info: Redefining \emph on input line 2666.
LaTeX Info: Redefining \- on input line 2670.
.................................................
. LaTeX info: "xparse/redefine-command"
. 
. Redefining command \oldstylenums with sig. 'm' on line 2765.
.................................................
.................................................
. LaTeX info: "xparse/define-command"
. 
. Defining command \liningnums with sig. 'm' on line 2769.
.................................................
))
(/usr/share/texlive/texmf-dist/tex/latex/fancyhdr/fancyhdr.sty
\fancy@headwidth=\skip52
\f@ncyO@elh=\skip53
\f@ncyO@erh=\skip54
\f@ncyO@olh=\skip55
\f@ncyO@orh=\skip56
\f@ncyO@elf=\skip57
\f@ncyO@erf=\skip58
\f@ncyO@olf=\skip59
\f@ncyO@orf=\skip60
)
(/usr/share/texlive/texmf-dist/tex/latex/tools/multicol.sty
Package: multicol 2015/08/19 v1.8n multicolumn formatting (FMi)
\c@tracingmulticols=\count127
\mult@box=\box41
\multicol@leftmargin=\dimen141
\c@unbalance=\count128
\c@collectmore=\count129
\doublecol@number=\count130
\multicoltolerance=\count131
\multicolpretolerance=\count132
\full@width=\dimen142
\page@free=\dimen143
\premulticols=\dimen144
\postmulticols=\dimen145
\multicolsep=\skip61
\multicolbaselineskip=\skip62
\partial@page=\box42
\last@line=\box43
\maxbalancingoverflow=\dimen146
\mult@rightbox=\box44
\mult@grightbox=\box45
\mult@gfirstbox=\box46
\mult@firstbox=\box47
\@tempa=\box48
\@tempa=\box49
\@tempa=\box50
\@tempa=\box51
\@tempa=\box52
\@tempa=\box53
\@tempa=\box54
\@tempa=\box55
\@tempa=\box56
\@tempa=\box57
\@tempa=\box58
\@tempa=\box59
\@tempa=\box60
\@tempa=\box61
\@tempa=\box62
\@tempa=\box63
\@tempa=\box64
\c@columnbadness=\count133
\c@finalcolumnbadness=\count134
\last@try=\dimen147
\multicolovershoot=\dimen148
\multicolundershoot=\dimen149
\mult@nat@firstbox=\box65
\colbreak@box=\box66
\mc@col@check@num=\count135
)
(/usr/share/texlive/texmf-dist/tex/latex/amsmath/amsmath.sty
Package: amsmath 2016/03/03 v2.15a AMS math features
\@mathmargin=\skip63

For additional information on amsmath, use the `?' option.
(/usr/share/texlive/texmf-dist/tex/latex/amsmath/amstext.sty
Package: amstext 2000/06/29 v2.01 AMS text

(/usr/share/texlive/texmf-dist/tex/latex/amsmath/amsgen.sty
File: amsgen.sty 1999/11/30 v2.0 generic functions
\@emptytoks=\toks17
\ex@=\dimen150
))
(/usr/share/texlive/texmf-dist/tex/latex/amsmath/amsbsy.sty
Package: amsbsy 1999/11/29 v1.2d Bold Symbols
\pmbraise@=\dimen151
)
(/usr/share/texlive/texmf-dist/tex/latex/amsmath/amsopn.sty
Package: amsopn 1999/12/14 v2.01 operator names
)
\inf@bad=\count136
LaTeX Info: Redefining \frac on input line 199.
\uproot@=\count137
\leftroot@=\count138
LaTeX Info: Redefining \overline on input line 297.
\classnum@=\count139
\DOTSCASE@=\count140
LaTeX Info: Redefining \ldots on input line 394.
LaTeX Info: Redefining \dots on input line 397.
LaTeX Info: Redefining \cdots on input line 518.
\Mathstrutbox@=\box67
\strutbox@=\box68
\big@size=\dimen152
LaTeX Font Info:    Redeclaring font encoding OML on input line 630.
LaTeX Font Info:    Redeclaring font encoding OMS on input line 631.
\macc@depth=\count141
\c@MaxMatrixCols=\count142
\dotsspace@=\muskip16
\c@parentequation=\count143
\dspbrk@lvl=\count144
\tag@help=\toks18
\row@=\count145
\column@=\count146
\maxfields@=\count147
\andhelp@=\toks19
\eqnshift@=\dimen153
\alignsep@=\dimen154
\tagshift@=\dimen155
\tagwidth@=\dimen156
\totwidth@=\dimen157
\lineht@=\dimen158
\@envbody=\toks20
\multlinegap=\skip64
\multlinetaggap=\skip65
\mathdisplay@stack=\toks21
LaTeX Info: Redefining \[ on input line 2735.
LaTeX Info: Redefining \] on input line 2736.
)
(/usr/share/texlive/texmf-dist/tex/latex/amsfonts/amssymb.sty
Package: amssymb 2013/01/14 v3.01 AMS font symbols

(/usr/share/texlive/texmf-dist/tex/latex/amsfonts/amsfonts.sty
Package: amsfonts 2013/01/14 v3.01 Basic AMSFonts support
\symAMSa=\mathgroup4
\symAMSb=\mathgroup5
LaTeX Font Info:    Overwriting math alphabet `\mathfrak' in version `bold'
(Font)                  U/euf/m/n --> U/euf/b/n on input line 106.
))
(/usr/share/texlive/texmf-dist/tex/latex/mathtools/mathtools.sty
Package: mathtools 2015/11/12 v1.18 mathematical typesetting tools

(/usr/share/texlive/texmf-dist/tex/latex/mathtools/mhsetup.sty
Package: mhsetup 2010/01/21 v1.2a programming setup (MH)
)
LaTeX Info: Thecontrolsequence`\('isalreadyrobust on input line 129.
LaTeX Info: Thecontrolsequence`\)'isalreadyrobust on input line 129.
LaTeX Info: Thecontrolsequence`\['isalreadyrobust on input line 129.
LaTeX Info: Thecontrolsequence`\]'isalreadyrobust on input line 129.
\g_MT_multlinerow_int=\count148
\l_MT_multwidth_dim=\dimen159
\origjot=\skip66
\l_MT_shortvdotswithinadjustabove_dim=\dimen160
\l_MT_shortvdotswithinadjustbelow_dim=\dimen161
\l_MT_above_intertext_sep=\dimen162
\l_MT_below_intertext_sep=\dimen163
\l_MT_above_shortintertext_sep=\dimen164
\l_MT_below_shortintertext_sep=\dimen165
)
(/usr/share/texlive/texmf-dist/tex/latex/tools/array.sty
Package: array 2014/10/28 v2.4c Tabular extension package (FMi)
\col@sep=\dimen166
\extrarowheight=\dimen167
\NC@list=\toks22
\extratabsurround=\skip67
\backup@length=\skip68
)
(/usr/share/texlive/texmf-dist/tex/latex/minted/minted.sty
Package: minted 2015/09/09 v2.1 Yet another Pygments shim for LaTeX

(/usr/share/texlive/texmf-dist/tex/latex/oberdiek/kvoptions.sty
Package: kvoptions 2011/06/30 v3.11 Key value format for package options (HO)

(/usr/share/texlive/texmf-dist/tex/generic/oberdiek/kvsetkeys.sty
Package: kvsetkeys 2012/04/25 v1.16 Key value parser (HO)

(/usr/share/texlive/texmf-dist/tex/generic/oberdiek/etexcmds.sty
Package: etexcmds 2011/02/16 v1.5 Avoid name clashes with e-TeX commands (HO)

(/usr/share/texlive/texmf-dist/tex/generic/oberdiek/ifluatex.sty
Package: ifluatex 2010/03/01 v1.3 Provides the ifluatex switch (HO)
Package ifluatex Info: LuaTeX detected.
))))
(/usr/share/texlive/texmf-dist/tex/latex/fancyvrb/fancyvrb.sty
Package: fancyvrb 2008/02/07

Style option: `fancyvrb' v2.7a, with DG/SPQR fixes, and firstline=lastline fix 
<2008/02/07> (tvz)
\FV@CodeLineNo=\count149
\FV@InFile=\read2
\FV@TabBox=\box69
\c@FancyVerbLine=\count150
\FV@StepNumber=\count151
\FV@OutFile=\write3
) (/usr/share/texlive/texmf-dist/tex/latex/float/float.sty
Package: float 2001/11/08 v1.3d Float enhancements (AL)
\c@float@type=\count152
\float@exts=\toks23
\float@box=\box70
\@float@everytoks=\toks24
\@floatcapt=\box71
)
(/usr/share/texlive/texmf-dist/tex/latex/ifplatform/ifplatform.sty
Package: ifplatform 2010/10/22 v0.4 Testing for the operating system

(/usr/share/texlive/texmf-dist/tex/generic/oberdiek/pdftexcmds.sty
Package: pdftexcmds 2011/11/29 v0.20 Utility functions of pdfTeX for LuaTeX (HO)


(/usr/share/texlive/texmf-dist/tex/generic/oberdiek/ifpdf.sty
Package: ifpdf 2011/01/30 v2.3 Provides the ifpdf switch (HO)
Package ifpdf Info: pdfTeX in PDF mode is detected.
)
Package pdftexcmds Info: \pdf@primitive is available.
Package pdftexcmds Info: \pdf@ifprimitive is available.
Package pdftexcmds Info: \pdfdraftmode found.

(/usr/share/texlive/texmf-dist/tex/generic/oberdiek/luatex-loader.sty
Package: luatex-loader 2010/03/09 v0.4 Lua module loader (HO)

(/usr/share/texlive/texmf-dist/scripts/oberdiek/oberdiek.luatex.lua))
\pdftexcmds@toks=\toks25
)
(/usr/share/texlive/texmf-dist/tex/generic/oberdiek/catchfile.sty
Package: catchfile 2011/03/01 v1.6 Catch the contents of a file (HO)
)
runsystem(uname -s > "RSkyl.w18")...executed.

 (./RSkyl.w18)
runsystem(rm -- "RSkyl.w18")...executed.

) (/usr/share/texlive/texmf-dist/tex/latex/etoolbox/etoolbox.sty
Package: etoolbox 2015/08/02 v2.2a e-TeX tools for LaTeX (JAW)
\etb@tempcnta=\count153
)
(/usr/share/texlive/texmf-dist/tex/generic/xstring/xstring.sty
(/usr/share/texlive/texmf-dist/tex/generic/xstring/xstring.tex
\@xs@message=\write4
\integerpart=\count154
\decimalpart=\count155
)
Package: xstring 2013/10/13  v1.7c  String manipulations (C Tellechea)
)
(/usr/share/texlive/texmf-dist/tex/latex/lineno/lineno.sty
Package: lineno 2005/11/02 line numbers on paragraphs v4.41
\linenopenalty=\count156
\output=\toks26
\linenoprevgraf=\count157
\linenumbersep=\dimen168
\linenumberwidth=\dimen169
\c@linenumber=\count158
\c@pagewiselinenumber=\count159
\c@LN@truepage=\count160
\c@internallinenumber=\count161
\c@internallinenumbers=\count162
\quotelinenumbersep=\dimen170
\bframerule=\dimen171
\bframesep=\dimen172
\bframebox=\box72
LaTeX Info: Redefining \\ on input line 3056.
)
\minted@appexistsfile=\read3
\FV@BreakIndent=\dimen173
\FV@BreakSymbolSepLeft=\dimen174
\FV@BreakSymbolSepRight=\dimen175
\FV@BreakSymbolIndentLeft=\dimen176
LaTeX Font Info:    Try loading font information for EU2+lmtt on input line 688.


(/usr/share/texlive/texmf-dist/tex/latex/euenc/eu2lmtt.fd
File: eu2lmtt.fd 2009/10/30 v1.6 Font defs for Latin Modern
)(compiling luc: /var/lib/texmf/luatex-cache/generic/fonts/otf/lmmono10-regular.
luc)(load luc: /home/alex/.texmf-var/luatex-cache/generic/fonts/otf/lmmono10-reg
ular.luc)
\FV@BreakSymbolIndentRight=\dimen177
\c@FancyVerbLineBreakLast=\count163
\FV@LineBox=\box73
\FV@LineIndentBox=\box74
\minted@bgbox=\box75
\minted@code=\write5
\c@minted@FancyVerbLineTemp=\count164
\@float@every@listing=\toks27
\c@listing=\count165
)
runsystem(pygmentize -S default -f latex -P commandprefix=PYGdefault > "RSkyl.ou
t.pyg")...executed.


(./RSkyl.out.pyg)
(/usr/share/texlive/texmf-dist/tex/latex/listings/listings.sty
\lst@mode=\count166
\lst@gtempboxa=\box76
\lst@token=\toks28
\lst@length=\count167
\lst@currlwidth=\dimen178
\lst@column=\count168
\lst@pos=\count169
\lst@lostspace=\dimen179
\lst@width=\dimen180
\lst@newlines=\count170
\lst@lineno=\count171
\lst@maxwidth=\dimen181

(/usr/share/texlive/texmf-dist/tex/latex/listings/lstmisc.sty
File: lstmisc.sty 2015/06/04 1.6 (Carsten Heinz)
\c@lstnumber=\count172
\lst@skipnumbers=\count173
\lst@framebox=\box77
)
(/usr/share/texlive/texmf-dist/tex/latex/listings/listings.cfg
File: listings.cfg 2015/06/04 1.6 listings configuration
))
Package: listings 2015/06/04 1.6 (Carsten Heinz)

(/usr/share/texlive/texmf-dist/tex/latex/pgf/frontendlayer/tikz.sty
(/usr/share/texlive/texmf-dist/tex/latex/pgf/basiclayer/pgf.sty
(/usr/share/texlive/texmf-dist/tex/latex/pgf/utilities/pgfrcs.sty
(/usr/share/texlive/texmf-dist/tex/generic/pgf/utilities/pgfutil-common.tex
\pgfutil@everybye=\toks29
\pgfutil@tempdima=\dimen182
\pgfutil@tempdimb=\dimen183

(/usr/share/texlive/texmf-dist/tex/generic/pgf/utilities/pgfutil-common-lists.t
ex)) (/usr/share/texlive/texmf-dist/tex/generic/pgf/utilities/pgfutil-latex.def
\pgfutil@abb=\box78
(/usr/share/texlive/texmf-dist/tex/latex/ms/everyshi.sty
Package: everyshi 2001/05/15 v3.00 EveryShipout Package (MS)
))
(/usr/share/texlive/texmf-dist/tex/generic/pgf/utilities/pgfrcs.code.tex
Package: pgfrcs 2015/08/07 v3.0.1a (rcs-revision 1.31)
))
Package: pgf 2015/08/07 v3.0.1a (rcs-revision 1.15)

(/usr/share/texlive/texmf-dist/tex/latex/pgf/basiclayer/pgfcore.sty
(/usr/share/texlive/texmf-dist/tex/latex/pgf/systemlayer/pgfsys.sty
(/usr/share/texlive/texmf-dist/tex/generic/pgf/systemlayer/pgfsys.code.tex
Package: pgfsys 2014/07/09 v3.0.1a (rcs-revision 1.48)

(/usr/share/texlive/texmf-dist/tex/generic/pgf/utilities/pgfkeys.code.tex
\pgfkeys@pathtoks=\toks30
\pgfkeys@temptoks=\toks31

(/usr/share/texlive/texmf-dist/tex/generic/pgf/utilities/pgfkeysfiltered.code.t
ex
\pgfkeys@tmptoks=\toks32
))
\pgf@x=\dimen184
\pgf@y=\dimen185
\pgf@xa=\dimen186
\pgf@ya=\dimen187
\pgf@xb=\dimen188
\pgf@yb=\dimen189
\pgf@xc=\dimen190
\pgf@yc=\dimen191
\w@pgf@writea=\write6
\r@pgf@reada=\read4
\c@pgf@counta=\count174
\c@pgf@countb=\count175
\c@pgf@countc=\count176
\c@pgf@countd=\count177
\t@pgf@toka=\toks33
\t@pgf@tokb=\toks34
\t@pgf@tokc=\toks35
 (/usr/share/texlive/texmf-dist/tex/generic/pgf/systemlayer/pgf.cfg
File: pgf.cfg 2008/05/14  (rcs-revision 1.7)
)
Driver file for pgf: pgfsys-pdftex.def

(/usr/share/texlive/texmf-dist/tex/generic/pgf/systemlayer/pgfsys-pdftex.def
File: pgfsys-pdftex.def 2014/10/11  (rcs-revision 1.35)

(/usr/share/texlive/texmf-dist/tex/generic/pgf/systemlayer/pgfsys-common-pdf.de
f
File: pgfsys-common-pdf.def 2013/10/10  (rcs-revision 1.13)
)))
(/usr/share/texlive/texmf-dist/tex/generic/pgf/systemlayer/pgfsyssoftpath.code.
tex
File: pgfsyssoftpath.code.tex 2013/09/09  (rcs-revision 1.9)
\pgfsyssoftpath@smallbuffer@items=\count178
\pgfsyssoftpath@bigbuffer@items=\count179
)
(/usr/share/texlive/texmf-dist/tex/generic/pgf/systemlayer/pgfsysprotocol.code.
tex
File: pgfsysprotocol.code.tex 2006/10/16  (rcs-revision 1.4)
)) (/usr/share/texlive/texmf-dist/tex/latex/xcolor/xcolor.sty
Package: xcolor 2007/01/21 v2.11 LaTeX color extensions (UK)

(/usr/share/texlive/texmf-dist/tex/latex/latexconfig/color.cfg
File: color.cfg 2007/01/18 v1.5 color configuration of teTeX/TeXLive
)
Package xcolor Info: Driver file: pdftex.def on input line 225.
Package xcolor Info: Model `cmy' substituted by `cmy0' on input line 1337.
Package xcolor Info: Model `hsb' substituted by `rgb' on input line 1341.
Package xcolor Info: Model `RGB' extended on input line 1353.
Package xcolor Info: Model `HTML' substituted by `rgb' on input line 1355.
Package xcolor Info: Model `Hsb' substituted by `hsb' on input line 1356.
Package xcolor Info: Model `tHsb' substituted by `hsb' on input line 1357.
Package xcolor Info: Model `HSB' substituted by `hsb' on input line 1358.
Package xcolor Info: Model `Gray' substituted by `gray' on input line 1359.
Package xcolor Info: Model `wave' substituted by `hsb' on input line 1360.
)
(/usr/share/texlive/texmf-dist/tex/generic/pgf/basiclayer/pgfcore.code.tex
Package: pgfcore 2010/04/11 v3.0.1a (rcs-revision 1.7)

(/usr/share/texlive/texmf-dist/tex/generic/pgf/math/pgfmath.code.tex
(/usr/share/texlive/texmf-dist/tex/generic/pgf/math/pgfmathcalc.code.tex
(/usr/share/texlive/texmf-dist/tex/generic/pgf/math/pgfmathutil.code.tex)
(/usr/share/texlive/texmf-dist/tex/generic/pgf/math/pgfmathparser.code.tex
\pgfmath@dimen=\dimen192
\pgfmath@count=\count180
\pgfmath@box=\box79
\pgfmath@toks=\toks36
\pgfmath@stack@operand=\toks37
\pgfmath@stack@operation=\toks38
)
(/usr/share/texlive/texmf-dist/tex/generic/pgf/math/pgfmathfunctions.code.tex
(/usr/share/texlive/texmf-dist/tex/generic/pgf/math/pgfmathfunctions.basic.code
.tex)
(/usr/share/texlive/texmf-dist/tex/generic/pgf/math/pgfmathfunctions.trigonomet
ric.code.tex)
(/usr/share/texlive/texmf-dist/tex/generic/pgf/math/pgfmathfunctions.random.cod
e.tex)
(/usr/share/texlive/texmf-dist/tex/generic/pgf/math/pgfmathfunctions.comparison
.code.tex)
(/usr/share/texlive/texmf-dist/tex/generic/pgf/math/pgfmathfunctions.base.code.
tex)
(/usr/share/texlive/texmf-dist/tex/generic/pgf/math/pgfmathfunctions.round.code
.tex)
(/usr/share/texlive/texmf-dist/tex/generic/pgf/math/pgfmathfunctions.misc.code.
tex)
(/usr/share/texlive/texmf-dist/tex/generic/pgf/math/pgfmathfunctions.integerari
thmetics.code.tex)))
(/usr/share/texlive/texmf-dist/tex/generic/pgf/math/pgfmathfloat.code.tex
\c@pgfmathroundto@lastzeros=\count181
))
(/usr/share/texlive/texmf-dist/tex/generic/pgf/basiclayer/pgfcorepoints.code.te
x
File: pgfcorepoints.code.tex 2013/10/07  (rcs-revision 1.27)
\pgf@picminx=\dimen193
\pgf@picmaxx=\dimen194
\pgf@picminy=\dimen195
\pgf@picmaxy=\dimen196
\pgf@pathminx=\dimen197
\pgf@pathmaxx=\dimen198
\pgf@pathminy=\dimen199
\pgf@pathmaxy=\dimen256
\pgf@xx=\dimen257
\pgf@xy=\dimen258
\pgf@yx=\dimen259
\pgf@yy=\dimen260
\pgf@zx=\dimen261
\pgf@zy=\dimen262
)
(/usr/share/texlive/texmf-dist/tex/generic/pgf/basiclayer/pgfcorepathconstruct.
code.tex
File: pgfcorepathconstruct.code.tex 2013/10/07  (rcs-revision 1.29)
\pgf@path@lastx=\dimen263
\pgf@path@lasty=\dimen264
)
(/usr/share/texlive/texmf-dist/tex/generic/pgf/basiclayer/pgfcorepathusage.code
.tex
File: pgfcorepathusage.code.tex 2014/11/02  (rcs-revision 1.24)
\pgf@shorten@end@additional=\dimen265
\pgf@shorten@start@additional=\dimen266
)
(/usr/share/texlive/texmf-dist/tex/generic/pgf/basiclayer/pgfcorescopes.code.te
x
File: pgfcorescopes.code.tex 2015/05/08  (rcs-revision 1.46)
\pgfpic=\box80
\pgf@hbox=\box81
\pgf@layerbox@main=\box82
\pgf@picture@serial@count=\count182
)
(/usr/share/texlive/texmf-dist/tex/generic/pgf/basiclayer/pgfcoregraphicstate.c
ode.tex
File: pgfcoregraphicstate.code.tex 2014/11/02  (rcs-revision 1.12)
\pgflinewidth=\dimen267
)
(/usr/share/texlive/texmf-dist/tex/generic/pgf/basiclayer/pgfcoretransformation
s.code.tex
File: pgfcoretransformations.code.tex 2015/08/07  (rcs-revision 1.20)
\pgf@pt@x=\dimen268
\pgf@pt@y=\dimen269
\pgf@pt@temp=\dimen270
)
(/usr/share/texlive/texmf-dist/tex/generic/pgf/basiclayer/pgfcorequick.code.tex
File: pgfcorequick.code.tex 2008/10/09  (rcs-revision 1.3)
)
(/usr/share/texlive/texmf-dist/tex/generic/pgf/basiclayer/pgfcoreobjects.code.t
ex
File: pgfcoreobjects.code.tex 2006/10/11  (rcs-revision 1.2)
)
(/usr/share/texlive/texmf-dist/tex/generic/pgf/basiclayer/pgfcorepathprocessing
.code.tex
File: pgfcorepathprocessing.code.tex 2013/09/09  (rcs-revision 1.9)
)
(/usr/share/texlive/texmf-dist/tex/generic/pgf/basiclayer/pgfcorearrows.code.te
x
File: pgfcorearrows.code.tex 2015/05/14  (rcs-revision 1.43)
\pgfarrowsep=\dimen271
)
(/usr/share/texlive/texmf-dist/tex/generic/pgf/basiclayer/pgfcoreshade.code.tex
File: pgfcoreshade.code.tex 2013/07/15  (rcs-revision 1.15)
\pgf@max=\dimen272
\pgf@sys@shading@range@num=\count183
)
(/usr/share/texlive/texmf-dist/tex/generic/pgf/basiclayer/pgfcoreimage.code.tex
File: pgfcoreimage.code.tex 2013/07/15  (rcs-revision 1.18)

(/usr/share/texlive/texmf-dist/tex/generic/pgf/basiclayer/pgfcoreexternal.code.
tex
File: pgfcoreexternal.code.tex 2014/07/09  (rcs-revision 1.21)
\pgfexternal@startupbox=\box83
))
(/usr/share/texlive/texmf-dist/tex/generic/pgf/basiclayer/pgfcorelayers.code.te
x
File: pgfcorelayers.code.tex 2013/07/18  (rcs-revision 1.7)
)
(/usr/share/texlive/texmf-dist/tex/generic/pgf/basiclayer/pgfcoretransparency.c
ode.tex
File: pgfcoretransparency.code.tex 2013/09/30  (rcs-revision 1.5)
)
(/usr/share/texlive/texmf-dist/tex/generic/pgf/basiclayer/pgfcorepatterns.code.
tex
File: pgfcorepatterns.code.tex 2013/11/07  (rcs-revision 1.5)
)))
(/usr/share/texlive/texmf-dist/tex/generic/pgf/modules/pgfmoduleshapes.code.tex
File: pgfmoduleshapes.code.tex 2014/03/21  (rcs-revision 1.35)
\pgfnodeparttextbox=\box84
) (/usr/share/texlive/texmf-dist/tex/generic/pgf/modules/pgfmoduleplot.code.tex
File: pgfmoduleplot.code.tex 2015/08/03  (rcs-revision 1.13)
)
(/usr/share/texlive/texmf-dist/tex/latex/pgf/compatibility/pgfcomp-version-0-65
.sty
Package: pgfcomp-version-0-65 2007/07/03 v3.0.1a (rcs-revision 1.7)
\pgf@nodesepstart=\dimen273
\pgf@nodesepend=\dimen274
)
(/usr/share/texlive/texmf-dist/tex/latex/pgf/compatibility/pgfcomp-version-1-18
.sty
Package: pgfcomp-version-1-18 2007/07/23 v3.0.1a (rcs-revision 1.1)
)) (/usr/share/texlive/texmf-dist/tex/latex/pgf/utilities/pgffor.sty
(/usr/share/texlive/texmf-dist/tex/latex/pgf/utilities/pgfkeys.sty
(/usr/share/texlive/texmf-dist/tex/generic/pgf/utilities/pgfkeys.code.tex))
(/usr/share/texlive/texmf-dist/tex/latex/pgf/math/pgfmath.sty
(/usr/share/texlive/texmf-dist/tex/generic/pgf/math/pgfmath.code.tex))
(/usr/share/texlive/texmf-dist/tex/generic/pgf/utilities/pgffor.code.tex
Package: pgffor 2013/12/13 v3.0.1a (rcs-revision 1.25)

(/usr/share/texlive/texmf-dist/tex/generic/pgf/math/pgfmath.code.tex)
\pgffor@iter=\dimen275
\pgffor@skip=\dimen276
\pgffor@stack=\toks39
\pgffor@toks=\toks40
))
(/usr/share/texlive/texmf-dist/tex/generic/pgf/frontendlayer/tikz/tikz.code.tex
Package: tikz 2015/08/07 v3.0.1a (rcs-revision 1.151)

(/usr/share/texlive/texmf-dist/tex/generic/pgf/libraries/pgflibraryplothandlers
.code.tex
File: pgflibraryplothandlers.code.tex 2013/08/31 v3.0.1a (rcs-revision 1.20)
\pgf@plot@mark@count=\count184
\pgfplotmarksize=\dimen277
)
\tikz@lastx=\dimen278
\tikz@lasty=\dimen279
\tikz@lastxsaved=\dimen280
\tikz@lastysaved=\dimen281
\tikzleveldistance=\dimen282
\tikzsiblingdistance=\dimen283
\tikz@figbox=\box85
\tikz@figbox@bg=\box86
\tikz@tempbox=\box87
\tikz@tempbox@bg=\box88
\tikztreelevel=\count185
\tikznumberofchildren=\count186
\tikznumberofcurrentchild=\count187
\tikz@fig@count=\count188

(/usr/share/texlive/texmf-dist/tex/generic/pgf/modules/pgfmodulematrix.code.tex
File: pgfmodulematrix.code.tex 2013/09/17  (rcs-revision 1.8)
\pgfmatrixcurrentrow=\count189
\pgfmatrixcurrentcolumn=\count190
\pgf@matrix@numberofcolumns=\count191
)
\tikz@expandcount=\count192

(/usr/share/texlive/texmf-dist/tex/generic/pgf/frontendlayer/tikz/libraries/tik
zlibrarytopaths.code.tex
File: tikzlibrarytopaths.code.tex 2008/06/17 v3.0.1a (rcs-revision 1.2)
)))
(/usr/share/texlive/texmf-dist/tex/generic/pgf/frontendlayer/tikz/libraries/tik
zlibraryarrows.code.tex
File: tikzlibraryarrows.code.tex 2008/01/09 v3.0.1a (rcs-revision 1.1)

(/usr/share/texlive/texmf-dist/tex/generic/pgf/libraries/pgflibraryarrows.code.
tex
File: pgflibraryarrows.code.tex 2013/09/23 v3.0.1a (rcs-revision 1.16)
\arrowsize=\dimen284
))
(/usr/share/texlive/texmf-dist/tex/generic/pgf/libraries/pgflibraryarrows.meta.
code.tex
File: pgflibraryarrows.meta.code.tex 2015/05/13 v3.0.1a (rcs-revision 1.13)
\pgfarrowinset=\dimen285
\pgfarrowlength=\dimen286
\pgfarrowwidth=\dimen287
\pgfarrowlinewidth=\dimen288
)
(/usr/share/texlive/texmf-dist/tex/generic/pgf/frontendlayer/tikz/libraries/tik
zlibrarypatterns.code.tex
File: tikzlibrarypatterns.code.tex 2008/01/15 v3.0.1a (rcs-revision 1.2)

(/usr/share/texlive/texmf-dist/tex/generic/pgf/libraries/pgflibrarypatterns.cod
e.tex
File: pgflibrarypatterns.code.tex 2008/03/03 v3.0.1a (rcs-revision 1.13)
))
(/usr/share/texlive/texmf-dist/tex/generic/pgf/frontendlayer/tikz/libraries/tik
zlibraryshapes.code.tex
File: tikzlibraryshapes.code.tex 2008/01/09 v3.0.1a (rcs-revision 1.1)

(/usr/share/texlive/texmf-dist/tex/generic/pgf/frontendlayer/tikz/libraries/tik
zlibraryshapes.geometric.code.tex
File: tikzlibraryshapes.geometric.code.tex 2008/01/09 v3.0.1a (rcs-revision 1.1)


(/usr/share/texlive/texmf-dist/tex/generic/pgf/libraries/shapes/pgflibraryshape
s.geometric.code.tex
File: pgflibraryshapes.geometric.code.tex 2008/06/26 v3.0.1a (rcs-revision 1.1)
))
(/usr/share/texlive/texmf-dist/tex/generic/pgf/frontendlayer/tikz/libraries/tik
zlibraryshapes.misc.code.tex
File: tikzlibraryshapes.misc.code.tex 2008/01/09 v3.0.1a (rcs-revision 1.1)

(/usr/share/texlive/texmf-dist/tex/generic/pgf/libraries/shapes/pgflibraryshape
s.misc.code.tex
File: pgflibraryshapes.misc.code.tex 2013/07/18 v3.0.1a (rcs-revision 1.5)
))
(/usr/share/texlive/texmf-dist/tex/generic/pgf/frontendlayer/tikz/libraries/tik
zlibraryshapes.symbols.code.tex
File: tikzlibraryshapes.symbols.code.tex 2008/01/09 v3.0.1a (rcs-revision 1.1)

(/usr/share/texlive/texmf-dist/tex/generic/pgf/libraries/shapes/pgflibraryshape
s.symbols.code.tex
File: pgflibraryshapes.symbols.code.tex 2013/09/11 v3.0.1a (rcs-revision 1.6)
))
(/usr/share/texlive/texmf-dist/tex/generic/pgf/frontendlayer/tikz/libraries/tik
zlibraryshapes.arrows.code.tex
File: tikzlibraryshapes.arrows.code.tex 2008/01/09 v3.0.1a (rcs-revision 1.1)

(/usr/share/texlive/texmf-dist/tex/generic/pgf/libraries/shapes/pgflibraryshape
s.arrows.code.tex
File: pgflibraryshapes.arrows.code.tex 2008/06/26 v3.0.1a (rcs-revision 1.1)
))
(/usr/share/texlive/texmf-dist/tex/generic/pgf/frontendlayer/tikz/libraries/tik
zlibraryshapes.callouts.code.tex
(/usr/share/texlive/texmf-dist/tex/generic/pgf/libraries/shapes/pgflibraryshape
s.callouts.code.tex))
(/usr/share/texlive/texmf-dist/tex/generic/pgf/frontendlayer/tikz/libraries/tik
zlibraryshapes.multipart.code.tex
File: tikzlibraryshapes.multipart.code.tex 2008/01/09 v3.0.1a (rcs-revision 1.1)


(/usr/share/texlive/texmf-dist/tex/generic/pgf/libraries/shapes/pgflibraryshape
s.multipart.code.tex
File: pgflibraryshapes.multipart.code.tex 2010/01/07 v3.0.1a (rcs-revision 1.2)
\pgfnodepartlowerbox=\box89
\pgfnodeparttwobox=\box90
\pgfnodepartthreebox=\box91
\pgfnodepartfourbox=\box92
\pgfnodeparttwentybox=\box93
\pgfnodepartnineteenbox=\box94
\pgfnodeparteighteenbox=\box95
\pgfnodepartseventeenbox=\box96
\pgfnodepartsixteenbox=\box97
\pgfnodepartfifteenbox=\box98
\pgfnodepartfourteenbox=\box99
\pgfnodepartthirteenbox=\box100
\pgfnodeparttwelvebox=\box101
\pgfnodepartelevenbox=\box102
\pgfnodeparttenbox=\box103
\pgfnodepartninebox=\box104
\pgfnodeparteightbox=\box105
\pgfnodepartsevenbox=\box106
\pgfnodepartsixbox=\box107
\pgfnodepartfivebox=\box108
)))
(/usr/share/texlive/texmf-dist/tex/generic/pgf/frontendlayer/tikz/libraries/tik
zlibrarycalc.code.tex
File: tikzlibrarycalc.code.tex 2013/07/15 v3.0.1a (rcs-revision 1.9)
)
(/usr/share/texlive/texmf-dist/tex/generic/pgf/frontendlayer/tikz/libraries/tik
zlibrarymatrix.code.tex
File: tikzlibrarymatrix.code.tex 2013/07/12 v3.0.1a (rcs-revision 1.4)
)
(/usr/share/texlive/texmf-dist/tex/generic/pgf/frontendlayer/tikz/libraries/tik
zlibraryfit.code.tex
File: tikzlibraryfit.code.tex 2013/07/12 v3.0.1a (rcs-revision 1.5)
)
(/usr/share/texlive/texmf-dist/tex/latex/pgfplots/pgfplots.sty
(/usr/share/texlive/texmf-dist/tex/generic/pgfplots/pgfplots.revision.tex)
Package: pgfplots 2016/01/06 v1.13 Data Visualization (1.13)

(/usr/share/texlive/texmf-dist/tex/luatex/luatexbase/luatexbase.sty
Package: luatexbase 2015/10/04 v1.3 luatexbase interface to LuaTeX 

(/usr/share/texlive/texmf-dist/tex/luatex/ctablestack/ctablestack.sty
Package: ctablestack 2015/10/01 v1.0 Catcode table stable support
\@catcodetablestackcnt=\count193
)
\CatcodeTableOther=\catcodetable6
\CatcodeTableExpl=\catcodetable7
)
(/usr/share/texlive/texmf-dist/tex/generic/pgfplots/pgfplots.code.tex
(/usr/share/texlive/texmf-dist/tex/generic/pgfplots/pgfplotscore.code.tex
Package pgfplots info on input line 123: Initializing with LUA version Lua 5.2
\pgfplots@luabackend@table=\catcodetable8
\t@pgfplots@toka=\toks41
\t@pgfplots@tokb=\toks42
\t@pgfplots@tokc=\toks43
\pgfplots@tmpa=\dimen289
\c@pgfplots@coordindex=\count194
\c@pgfplots@scanlineindex=\count195

(/usr/share/texlive/texmf-dist/tex/generic/pgfplots/sys/pgfplotssysgeneric.code
.tex))
(/usr/share/texlive/texmf-dist/tex/generic/pgfplots/libs/pgfplotslibrary.code.t
ex)
(/usr/share/texlive/texmf-dist/tex/generic/pgfplots/oldpgfcompatib/pgfplotsoldp
gfsupp_loader.code.tex
(/usr/share/texlive/texmf-dist/tex/generic/pgf/libraries/pgflibraryfpu.code.tex
)
Package pgfplots: loading complementary arithmetics for your pgf version...

(/usr/share/texlive/texmf-dist/tex/generic/pgfplots/oldpgfcompatib/pgfplotsoldp
gfsupp_pgflibraryfpu.code.tex)
(/usr/share/texlive/texmf-dist/tex/generic/pgfplots/oldpgfcompatib/pgfplotsoldp
gfsupp_pgfmathfloat.code.tex
\c@pgfmathroundto@lastzeros=\count196
)
(/usr/share/texlive/texmf-dist/tex/generic/pgf/libraries/luamath/pgflibraryluam
ath.code.tex)
Package pgfplots info on input line 219: luamath library shipped with pgf 3.0.1a
 is up-to-date
)
(/usr/share/texlive/texmf-dist/tex/generic/pgfplots/util/pgfplotsutil.code.tex
(/usr/share/texlive/texmf-dist/tex/generic/pgfplots/liststructure/pgfplotslists
tructure.code.tex)
(/usr/share/texlive/texmf-dist/tex/generic/pgfplots/liststructure/pgfplotslists
tructureext.code.tex)
(/usr/share/texlive/texmf-dist/tex/generic/pgfplots/liststructure/pgfplotsarray
.code.tex
\c@pgfplotsarray@tmp=\count197
)
(/usr/share/texlive/texmf-dist/tex/generic/pgfplots/liststructure/pgfplotsmatri
x.code.tex)
(/usr/share/texlive/texmf-dist/tex/generic/pgfplots/numtable/pgfplotstableshare
d.code.tex
\c@pgfplotstable@counta=\count198
\t@pgfplotstable@a=\toks44
)
(/usr/share/texlive/texmf-dist/tex/generic/pgfplots/liststructure/pgfplotsdeque
.code.tex)
(/usr/share/texlive/texmf-dist/tex/generic/pgfplots/util/pgfplotsbinary.code.te
x
(/usr/share/texlive/texmf-dist/tex/generic/pgfplots/util/pgfplotsbinary.data.co
de.tex))
(/usr/share/texlive/texmf-dist/tex/generic/pgfplots/util/pgfplotsutil.verb.code
.tex)
(/usr/share/texlive/texmf-dist/tex/generic/pgfplots/libs/pgflibrarypgfplots.sur
fshading.code.tex
\c@pgfplotslibrarysurf@no=\count199

(/usr/share/texlive/texmf-dist/tex/generic/pgfplots/sys/pgflibrarypgfplots.surf
shading.pgfsys-pdftex.def)))
(/usr/share/texlive/texmf-dist/tex/generic/pgfplots/util/pgfplotscolormap.code.
tex
(/usr/share/texlive/texmf-dist/tex/generic/pgfplots/util/pgfplotscolor.code.tex
))
(/usr/share/texlive/texmf-dist/tex/generic/pgfplots/pgfplotsstackedplots.code.t
ex)
(/usr/share/texlive/texmf-dist/tex/generic/pgfplots/pgfplotsplothandlers.code.t
ex
(/usr/share/texlive/texmf-dist/tex/generic/pgfplots/pgfplotsmeshplothandler.cod
e.tex
(/usr/share/texlive/texmf-dist/tex/generic/pgfplots/pgfplotsmeshplotimage.code.
tex)))
(/usr/share/texlive/texmf-dist/tex/generic/pgfplots/pgfplots.scaling.code.tex)
(/usr/share/texlive/texmf-dist/tex/generic/pgfplots/pgfplotscoordprocessing.cod
e.tex)
(/usr/share/texlive/texmf-dist/tex/generic/pgfplots/pgfplots.errorbars.code.tex
) (/usr/share/texlive/texmf-dist/tex/generic/pgfplots/pgfplots.markers.code.tex
) (/usr/share/texlive/texmf-dist/tex/generic/pgfplots/pgfplotsticks.code.tex)
(/usr/share/texlive/texmf-dist/tex/generic/pgfplots/pgfplots.paths.code.tex)
(/usr/share/texlive/texmf-dist/tex/generic/pgf/frontendlayer/tikz/libraries/tik
zlibrarydecorations.code.tex
(/usr/share/texlive/texmf-dist/tex/generic/pgf/modules/pgfmoduledecorations.cod
e.tex
\pgfdecoratedcompleteddistance=\dimen290
\pgfdecoratedremainingdistance=\dimen291
\pgfdecoratedinputsegmentcompleteddistance=\dimen292
\pgfdecoratedinputsegmentremainingdistance=\dimen293
\pgf@decorate@distancetomove=\dimen294
\pgf@decorate@repeatstate=\count266
\pgfdecorationsegmentamplitude=\dimen295
\pgfdecorationsegmentlength=\dimen296
)
\tikz@lib@dec@box=\box109
)
(/usr/share/texlive/texmf-dist/tex/generic/pgf/frontendlayer/tikz/libraries/tik
zlibrarydecorations.pathmorphing.code.tex
(/usr/share/texlive/texmf-dist/tex/generic/pgf/libraries/decorations/pgflibrary
decorations.pathmorphing.code.tex))
(/usr/share/texlive/texmf-dist/tex/generic/pgf/frontendlayer/tikz/libraries/tik
zlibrarydecorations.pathreplacing.code.tex
(/usr/share/texlive/texmf-dist/tex/generic/pgf/libraries/decorations/pgflibrary
decorations.pathreplacing.code.tex))
\pgfplots@numplots=\count267
\pgfplots@xmin@reg=\dimen297
\pgfplots@xmax@reg=\dimen298
\pgfplots@ymin@reg=\dimen299
\pgfplots@ymax@reg=\dimen300
\pgfplots@zmin@reg=\dimen301
\pgfplots@zmax@reg=\dimen302
)
(/usr/share/texlive/texmf-dist/tex/generic/pgf/frontendlayer/tikz/libraries/tik
zlibraryplotmarks.code.tex
File: tikzlibraryplotmarks.code.tex 2008/01/09 v3.0.1a (rcs-revision 1.1)

(/usr/share/texlive/texmf-dist/tex/generic/pgf/libraries/pgflibraryplotmarks.co
de.tex
File: pgflibraryplotmarks.code.tex 2015/08/03 v3.0.1a (rcs-revision 1.14)
))) (/usr/share/texlive/texmf-dist/tex/latex/musixtex/musixtex.sty
(/usr/share/texlive/texmf-dist/tex/generic/musixtex/musixtex.tex
MusiXTeX(c) 1.20 <2015-12-13>
\n@i=\count268
\n@ii=\count269
\n@iii=\count270
\n@iv=\count271
\n@v=\count272
\n@vi=\count273
\n@vii=\count274
\n@viii=\count275
\toks@box=\box110
\w@rkbox=\box111
\n@otebox=\box112
\y@=\dimen303
\y@i=\dimen304
\y@ii=\dimen305
\y@iii=\dimen306
\y@iv=\dimen307
\y@v=\dimen308
\group@no=\count276
\interinstrument=\dimen309
\N@s=\count277
\s@Y=\dimen310
\lin@pos=\dimen311
\meet@minus@n@iv=\count278
\interbeam=\dimen312
\b@amthick=\dimen313
\Interligne=\dimen314
\Internote=\dimen315
\ch@box=\box113
\musicsize=\count279
\qd@skip=\dimen316
\qn@width=\dimen317
\wn@width=\dimen318
\txt@ff=\skip69
\s@indent=\skip70
\big@spc=\skip71
\lthick=\dimen319
\afterruleskip=\skip72
\staffbotmarg=\dimen320
\stafftopmarg=\dimen321
\line@width=\dimen322
\interportee=\dimen323
\noport@@=\count280
\noinstrum@nt=\count281
\altportee=\dimen324
\systemheight=\dimen325
\altplancher=\dimen326
\instrum@in@group=\skip73
\boxitsep=\skip74
\barsinpi@c@=\count282
\barno=\count283
\startbarno=\count284
\sign@skip=\dimen327
\maxsign@skip=\dimen328
\x@skip=\dimen329
\n@skip=\dimen330
\beforeruleskip=\skip75
\widthtyp@=\count285
\lastbarno=\count286
\cut@v=\skip76
\init@volta@pos=\skip77
\volta@startcor=\skip78
\volta@endcor=\skip79
\writ@volta@box=\box114
\barsinlin@=\count287
\maxbarsinlin@=\count288
\lastbarpos=\skip80
\ut@ref=\count289
\meterskip=\skip81
\t@c=\toks45
\clef@skip=\skip82
\noteskip=\dimen331
\transpose=\count290
\normaltranspose=\count291
\locx@skip=\dimen332
\elemskip=\dimen333
\@l@mskip=\dimen334
\inh@alt=\count292
\st@bot=\dimen335
\st@top=\dimen336
\stem@skip=\dimen337
\s@lope=\dimen338
\y@vi=\dimen339
\lift@rest=\dimen340
\accshift=\skip83
\@icresc=\skip84
\@itrillei=\skip85
\@itrilleii=\skip86
\@itrilleiii=\skip87
\@itrilleiv=\skip88
\@itrillev=\skip89
\@itrillevi=\skip90
\tr@number=\count293
\o@swz=\toks46
\o@number=\count294
\y@vii=\dimen341
\y@viii=\dimen342
\y@ix=\dimen343
\tuptxtb@x=\box115
\notes@open=\count295
\k@ii=\skip91
\i@ni=\dimen344
\b@xi=\dimen345
\b@zi=\dimen346
\c@xi=\dimen347
\c@zi=\skip92
\d@xi=\dimen348
\d@zi=\skip93
\e@xi=\dimen349
\e@zi=\skip94
\b@pi=\count296
\b@ni=\count297
\n@pi=\count298
\a@si=\count299
\o@si=\count300
\a@ci=\toks47
\o@ci=\toks48
\m@ti=\toks49
\k@iii=\skip95
\i@nii=\dimen350
\b@xii=\dimen351
\b@zii=\dimen352
\c@xii=\dimen353
\c@zii=\skip96
\d@xii=\dimen354
\d@zii=\skip97
\e@xii=\dimen355
\e@zii=\skip98
\b@pii=\count301
\b@nii=\count302
\n@pii=\count303
\a@sii=\count304
\o@sii=\count305
\a@cii=\toks50
\o@cii=\toks51
\m@tii=\toks52
\k@iiii=\skip99
\i@niii=\dimen356
\b@xiii=\dimen357
\b@ziii=\dimen358
\c@xiii=\dimen359
\c@ziii=\skip100
\d@xiii=\dimen360
\d@ziii=\skip101
\e@xiii=\dimen361
\e@ziii=\skip102
\b@piii=\count306
\b@niii=\count307
\n@piii=\count308
\a@siii=\count309
\o@siii=\count310
\a@ciii=\toks53
\o@ciii=\toks54
\m@tiii=\toks55
\k@iiv=\skip103
\i@niv=\dimen362
\b@xiv=\dimen363
\b@ziv=\dimen364
\c@xiv=\dimen365
\c@ziv=\skip104
\d@xiv=\dimen366
\d@ziv=\skip105
\e@xiv=\dimen367
\e@ziv=\skip106
\b@piv=\count311
\b@niv=\count312
\n@piv=\count313
\a@siv=\count314
\o@siv=\count315
\a@civ=\toks56
\o@civ=\toks57
\m@tiv=\toks58
\k@iv=\skip107
\i@nv=\dimen368
\b@xv=\dimen369
\b@zv=\dimen370
\c@xv=\dimen371
\c@zv=\skip108
\d@xv=\dimen372
\d@zv=\skip109
\e@xv=\dimen373
\e@zv=\skip110
\b@pv=\count316
\b@nv=\count317
\n@pv=\count318
\a@sv=\count319
\o@sv=\count320
\a@cv=\toks59
\o@cv=\toks60
\m@tv=\toks61
\k@ivi=\skip111
\i@nvi=\dimen374
\b@xvi=\dimen375
\b@zvi=\dimen376
\c@xvi=\dimen377
\c@zvi=\skip112
\d@xvi=\dimen378
\d@zvi=\skip113
\e@xvi=\dimen379
\e@zvi=\skip114
\b@pvi=\count321
\b@nvi=\count322
\n@pvi=\count323
\a@svi=\count324
\o@svi=\count325
\a@cvi=\toks62
\o@cvi=\toks63
\m@tvi=\toks64
maxinstruments=6
\f@xi=\dimen380
\f@zi=\skip115
\f@xii=\dimen381
\f@zii=\skip116
\f@xiii=\dimen382
\f@ziii=\skip117
\f@xiv=\dimen383
\f@ziv=\skip118
\f@xv=\dimen384
\f@zv=\skip119
\f@xvi=\dimen385
\f@zvi=\skip120
 max128beams=6
\g@bi=\skip121
\g@hi=\skip122
\g@bii=\skip123
\g@hii=\skip124
\g@biii=\skip125
\g@hiii=\skip126
 maxgroups=3
\s@xi=\dimen386
\s@si=\toks65
\s@Yi=\dimen387
\s@ai=\skip127
\s@yi=\count326
\s@Ni=\count327
\s@zi=\count328
\s@di=\toks66
\s@xii=\dimen388
\s@sii=\toks67
\s@Yii=\dimen389
\s@aii=\skip128
\s@yii=\count329
\s@Nii=\count330
\s@zii=\count331
\s@dii=\toks68
\s@xiii=\dimen390
\s@siii=\toks69
\s@Yiii=\dimen391
\s@aiii=\skip129
\s@yiii=\count332
\s@Niii=\count333
\s@ziii=\count334
\s@diii=\toks70
\s@xiv=\dimen392
\s@siv=\toks71
\s@Yiv=\dimen393
\s@aiv=\skip130
\s@yiv=\count335
\s@Niv=\count336
\s@ziv=\count337
\s@div=\toks72
\s@xv=\dimen394
\s@sv=\toks73
\s@Yv=\dimen395
\s@av=\skip131
\s@yv=\count338
\s@Nv=\count339
\s@zv=\count340
\s@dv=\toks74
\s@xvi=\dimen396
\s@svi=\toks75
\s@Yvi=\dimen397
\s@avi=\skip132
\s@yvi=\count341
\s@Nvi=\count342
\s@zvi=\count343
\s@dvi=\toks76
 maxslurs=6
\tr@xi=\skip133
\tr@swi=\toks77
\tr@yi=\skip134
\tr@xii=\skip135
\tr@swii=\toks78
\tr@yii=\skip136
\tr@xiii=\skip137
\tr@swiii=\toks79
\tr@yiii=\skip138
\tr@xiv=\skip139
\tr@swiv=\toks80
\tr@yiv=\skip140
\tr@xv=\skip141
\tr@swv=\toks81
\tr@yv=\skip142
\tr@xvi=\skip143
\tr@swvi=\toks82
\tr@yvi=\skip144
 maxtrills=6
\o@xi=\skip145
\o@yi=\skip146
\o@swi=\toks83
\o@xii=\skip147
\o@yii=\skip148
\o@swii=\toks84
\o@xiii=\skip149
\o@yiii=\skip150
\o@swiii=\toks85
\o@xiv=\skip151
\o@yiv=\skip152
\o@swiv=\toks86
\o@xv=\skip153
\o@yv=\skip154
\o@swv=\toks87
\o@xvi=\skip155
\o@yvi=\skip156
\o@swvi=\toks88

maxoctlines=6
\outmux=\write7
\mulooseness=\count344
\linegoal=\count345
\l@eftrightbox=\box116
\inmux=\read5
) (/usr/share/texlive/texmf-dist/tex/latex/musixtex/musixltx.tex
MusiXLaTeX T.61 <25 September 1996>
)) (/usr/share/texlive/texmf-dist/tex/latex/forest/forest.sty
Package: forest 2016/03/04 v2.0.2 Drawing (linguistic) trees

(/usr/share/texlive/texmf-dist/tex/generic/pgf/libraries/pgflibraryintersection
s.code.tex
\pgf@intersect@solutions=\count346
) (/usr/share/texlive/texmf-dist/tex/latex/pgfopts/pgfopts.sty
Package: pgfopts 2014/07/10 v2.1a LaTeX package options with pgfkeys
\pgfopts@list@add@a@toks=\toks89
\pgfopts@list@add@b@toks=\toks90
)
(/usr/share/texlive/texmf-dist/tex/latex/elocalloc/elocalloc.sty
Package: elocalloc 2015/06/21 v0.02 local allocation for LaTeX 2015+ (DPC)
)
(/usr/share/texlive/texmf-dist/tex/latex/environ/environ.sty
Package: environ 2014/05/04 v0.3 A new way to define environments

(/usr/share/texlive/texmf-dist/tex/latex/trimspaces/trimspaces.sty
Package: trimspaces 2009/09/17 v1.1 Trim spaces around a token list
))
.................................................
. LaTeX info: "xparse/define-command"
. 
. Defining command \useforestlibrary with sig. 's O{} m' on line 91.
.................................................
.................................................
. LaTeX info: "xparse/define-command"
. 
. Defining command \ProvidesForestLibrary with sig. 'm O{}' on line 95.
.................................................
\safeloop@depth=\count347
\safeRKloop@depth=\count348
\forest@temp@dimen=\dimen398
\forest@temp@count=\count349
\forest@n=\count350
\forest@temp@global@count=\count351
\forest@temp@toks=\toks91
\forest@sort@m=\count352
\forest@sort@k=\count353
\forest@sort@p=\count354
\bracket@content=\toks92
\bracket@afterthought=\toks93
\forest@node@maxid=\count355
\forest@processargs@result=\toks94
\forest@processargs@current=\toks95
\forest@nodewalk@shortsteps@resolution=\toks96
\forest@do@dynamics=\toks97
\forest@box=\box117
\forest@xg=\dimen399
\forest@yg=\dimen400
\forest@xs=\dimen401
\forest@ys=\dimen402
.................................................
. LaTeX info: "xparse/define-environment"
. 
. Defining environment 'forest' with sig. 'D(){}' on line 6635.
.................................................
.................................................
. LaTeX info: "xparse/define-command"
. 
. Defining command \Forest with sig. 's D(){} m' on line 6640.
.................................................
\forest@externalize@max@outer@n=\count356
\forest@externalize@inner@n=\count357
)
(/usr/share/texlive/texmf-dist/tex/latex/forest/forest-lib-linguistics.sty
Package: forest-lib-linguistics 2015/11/14 v0.1
\standardnodestrutbox=\box118
)
(/usr/share/texlive/texmf-dist/tex/latex/enumitem/enumitem.sty
Package: enumitem 2011/09/28 v3.5.2 Customized lists
\labelindent=\skip157
\enit@outerparindent=\dimen403
\enit@toks=\toks98
\enit@inbox=\box119
\enitdp@description=\count358
)
(/usr/share/texlive/texmf-dist/tex/latex/tools/layout.sty
Package: layout 2014/10/28 v1.2c Show layout parameters
\oneinch=\count359
\cnt@paperwidth=\count360
\cnt@paperheight=\count361
\cnt@hoffset=\count362
\cnt@voffset=\count363
\cnt@textheight=\count364
\cnt@textwidth=\count365
\cnt@topmargin=\count366
\cnt@oddsidemargin=\count367
\cnt@evensidemargin=\count368
\cnt@headheight=\count369
\cnt@headsep=\count370
\cnt@marginparsep=\count371
\cnt@marginparwidth=\count372
\cnt@marginparpush=\count373
\cnt@footskip=\count374
\fheight=\count375
\ref@top=\count376
\ref@hoffset=\count377
\ref@voffset=\count378
\ref@head=\count379
\ref@body=\count380
\ref@foot=\count381
\ref@margin=\count382
\ref@marginwidth=\count383
\ref@marginpar=\count384
\Interval=\count385
\ExtraYPos=\count386
\PositionX=\count387
\PositionY=\count388
\ArrowLength=\count389
)
(/usr/share/texlive/texmf-dist/tex/latex/lipsum/lipsum.sty
Package: lipsum 2014/07/27 v1.3 150 paragraphs of Lorem Ipsum dummy text
\c@lips@count=\count390
)
(/usr/share/texlive/texmf-dist/tex/latex/import/import.sty
Package: import 2009/03/23  v 5.1
)
(/usr/share/texlive/texmf-dist/tex/latex/hyperref/hyperref.sty
Package: hyperref 2012/11/06 v6.83m Hypertext links for LaTeX

(/usr/share/texlive/texmf-dist/tex/generic/oberdiek/hobsub-hyperref.sty
Package: hobsub-hyperref 2012/05/28 v1.13 Bundle oberdiek, subset hyperref (HO)

(/usr/share/texlive/texmf-dist/tex/generic/oberdiek/hobsub-generic.sty
Package: hobsub-generic 2012/05/28 v1.13 Bundle oberdiek, subset generic (HO)
Package: hobsub 2012/05/28 v1.13 Construct package bundles (HO)
Package hobsub Info: Skipping package `infwarerr' (already loaded).
Package hobsub Info: Skipping package `ltxcmds' (already loaded).
Package hobsub Info: Skipping package `ifluatex' (already loaded).
Package: ifvtex 2010/03/01 v1.5 Detect VTeX and its facilities (HO)
Package ifvtex Info: VTeX not detected.
Package: intcalc 2007/09/27 v1.1 Expandable calculations with integers (HO)
Package hobsub Info: Skipping package `ifpdf' (already loaded).
Package hobsub Info: Skipping package `etexcmds' (already loaded).
Package hobsub Info: Skipping package `kvsetkeys' (already loaded).
Package: kvdefinekeys 2011/04/07 v1.3 Define keys (HO)
Package hobsub Info: Skipping package `luatex-loader' (already loaded).
Package hobsub Info: Skipping package `pdftexcmds' (already loaded).
Package: pdfescape 2011/11/25 v1.13 Implements pdfTeX's escape features (HO)
Package: bigintcalc 2012/04/08 v1.3 Expandable calculations on big integers (HO)

Package: bitset 2011/01/30 v1.1 Handle bit-vector datatype (HO)
Package: uniquecounter 2011/01/30 v1.2 Provide unlimited unique counter (HO)
)
Package hobsub Info: Skipping package `hobsub' (already loaded).
Package: letltxmacro 2010/09/02 v1.4 Let assignment for LaTeX macros (HO)
Package: hopatch 2012/05/28 v1.2 Wrapper for package hooks (HO)
Package: xcolor-patch 2011/01/30 xcolor patch
Package: atveryend 2011/06/30 v1.8 Hooks at the very end of document (HO)
Package: atbegshi 2011/10/05 v1.16 At begin shipout hook (HO)
Package: refcount 2011/10/16 v3.4 Data extraction from label references (HO)
Package: hycolor 2011/01/30 v1.7 Color options for hyperref/bookmark (HO)
)
(/usr/share/texlive/texmf-dist/tex/generic/ifxetex/ifxetex.sty
Package: ifxetex 2010/09/12 v0.6 Provides ifxetex conditional
)
(/usr/share/texlive/texmf-dist/tex/latex/oberdiek/auxhook.sty
Package: auxhook 2011/03/04 v1.3 Hooks for auxiliary files (HO)


Package auxhook Warning: Cannot patch \document,
(auxhook)                using \AtBeginDocument instead.

)
\@linkdim=\dimen404
\Hy@linkcounter=\count391
\Hy@pagecounter=\count392
 (/usr/share/texlive/texmf-dist/tex/latex/hyperref/pd1enc.def
File: pd1enc.def 2012/11/06 v6.83m Hyperref: PDFDocEncoding definition (HO)
)
\Hy@SavedSpaceFactor=\count393

(/usr/share/texlive/texmf-dist/tex/latex/latexconfig/hyperref.cfg
File: hyperref.cfg 2002/06/06 v1.2 hyperref configuration of TeXLive
)
Package hyperref Info: Hyper figures OFF on input line 4443.
Package hyperref Info: Link nesting OFF on input line 4448.
Package hyperref Info: Hyper index ON on input line 4451.
Package hyperref Info: Plain pages OFF on input line 4458.
Package hyperref Info: Backreferencing OFF on input line 4463.
Package hyperref Info: Implicit mode ON; LaTeX internals redefined.
Package hyperref Info: Bookmarks ON on input line 4688.
\c@Hy@tempcnt=\count394

(/usr/share/texlive/texmf-dist/tex/latex/url/url.sty
\Urlmuskip=\muskip17
Package: url 2013/09/16  ver 3.4  Verb mode for urls, etc.
)
LaTeX Info: Redefining \url on input line 5041.
\XeTeXLinkMargin=\dimen405
\Fld@menulength=\count395
\Field@Width=\dimen406
\Fld@charsize=\dimen407
Package hyperref Info: Hyper figures OFF on input line 6295.
Package hyperref Info: Link nesting OFF on input line 6300.
Package hyperref Info: Hyper index ON on input line 6303.
Package hyperref Info: backreferencing OFF on input line 6310.
Package hyperref Info: Link coloring OFF on input line 6315.
Package hyperref Info: Link coloring with OCG OFF on input line 6320.
Package hyperref Info: PDF/A mode OFF on input line 6325.
LaTeX Info: Redefining \ref on input line 6365.
LaTeX Info: Redefining \pageref on input line 6369.
\Hy@abspage=\count396
\c@Item=\count397
\c@Hfootnote=\count398
)

Package hyperref Message: Driver (autodetected): hpdftex.

(/usr/share/texlive/texmf-dist/tex/latex/hyperref/hpdftex.def
File: hpdftex.def 2012/11/06 v6.83m Hyperref driver for pdfTeX
\Fld@listcount=\count399
\c@bookmark@seq@number=\count400

(/usr/share/texlive/texmf-dist/tex/latex/oberdiek/rerunfilecheck.sty
Package: rerunfilecheck 2011/04/15 v1.7 Rerun checks for auxiliary files (HO)
Package uniquecounter Info: New unique counter `rerunfilecheck' on input line 28
2.
)
\Hy@SectionHShift=\skip158
))
(./Font.tex
luaotfload | cache : Lookup cache loaded from /home/alex/.texmf-var/luatex-cache
/generic/names/luaotfload-lookup-cache.luc.
luaotfload | load : Lookup/name: "Charis SIL" -> "CharisSIL-R.ttf"(compiling luc
: /var/lib/texmf/luatex-cache/generic/fonts/otf/charissil-r.luc)(load luc: /home
/alex/.texmf-var/luatex-cache/generic/fonts/otf/charissil-r.luc)
luaotfload | load : Lookup/name: "Charis SIL" -> "CharisSIL-R.ttf"
\g__fontspec_family_CharisSIL_int=\count401
luaotfload | load : Lookup/name: "Charis SIL" -> "CharisSIL-R.ttf"
luaotfload | load : Lookup/name: "Charis SIL" -> "CharisSIL-BI.ttf"(compiling lu
c: /var/lib/texmf/luatex-cache/generic/fonts/otf/charissil-bi.luc)(load luc: /ho
me/alex/.texmf-var/luatex-cache/generic/fonts/otf/charissil-bi.luc)
luaotfload | load : Lookup/name: "Charis SIL" -> "CharisSIL-R.ttf"
luaotfload | load : Lookup/name: "Charis SIL" -> "CharisSIL-B.ttf"(compiling luc
: /var/lib/texmf/luatex-cache/generic/fonts/otf/charissil-b.luc)(load luc: /home
/alex/.texmf-var/luatex-cache/generic/fonts/otf/charissil-b.luc)
luaotfload | load : Lookup/name: "Charis SIL" -> "CharisSIL-R.ttf"
luaotfload | load : Lookup/name: "Charis SIL" -> "CharisSIL-I.ttf"(compiling luc
: /var/lib/texmf/luatex-cache/generic/fonts/otf/charissil-i.luc)(load luc: /home
/alex/.texmf-var/luatex-cache/generic/fonts/otf/charissil-i.luc)
luaotfload | load : Lookup/name: "CharisSIL" -> "CharisSIL-R.ttf"
luaotfload | load : Lookup/name: "CharisSIL" -> "CharisSIL-R.ttf"
luaotfload | load : Lookup/name: "CharisSIL" -> "CharisSIL-B.ttf"
luaotfload | load : Lookup/name: "CharisSIL" -> "CharisSIL-B.ttf"
luaotfload | load : Lookup/name: "CharisSIL" -> "CharisSIL-I.ttf"
luaotfload | load : Lookup/name: "CharisSIL" -> "CharisSIL-I.ttf"
luaotfload | load : Lookup/name: "CharisSIL" -> "CharisSIL-BI.ttf"
luaotfload | load : Lookup/name: "CharisSIL" -> "CharisSIL-BI.ttf"
.................................................
. fontspec info: "defining-font"
. 
. Font family 'CharisSIL(0)' created for font 'Charis SIL' with options [].
. 
. This font family consists of the following NFSS series/shapes:
. - 'normal' (m/n) with NFSS spec.:
. <->"CharisSIL:mode=node;script=latn;language=DFLT;"
. - 'small caps'  (m/sc) with NFSS spec.:
. <->"CharisSIL:mode=node;script=latn;language=DFLT;+smcp;"- 'bold' (bx/n)
. with NFSS spec.: <->"CharisSIL/B:mode=node;script=latn;language=DFLT;"
. - 'bold small caps'  (bx/sc) with NFSS spec.:
. <->"CharisSIL/B:mode=node;script=latn;language=DFLT;+smcp;"- 'italic' (m/it)
. with NFSS spec.: <->"CharisSIL/I:mode=node;script=latn;language=DFLT;"
. - 'italic small caps'  (m/itsc) with NFSS spec.:
. <->"CharisSIL/I:mode=node;script=latn;language=DFLT;+smcp;"- 'bold italic'
. (bx/it) with NFSS spec.:
. <->"CharisSIL/BI:mode=node;script=latn;language=DFLT;"
. - 'bold italic small caps'  (bx/itsc) with NFSS spec.:
. <->"CharisSIL/BI:mode=node;script=latn;language=DFLT;+smcp;"
.................................................
luaotfload | load : Lookup/name: "Palatino-nova-W04-Light" -> "Palatino-nova-W04
-Light.ttf"(compiling luc: /var/lib/texmf/luatex-cache/generic/fonts/otf/palatin
o-nova-w04-light.luc)(load luc: /home/alex/.texmf-var/luatex-cache/generic/fonts
/otf/palatino-nova-w04-light.luc)
luaotfload | load : Lookup/name: "Palatino-nova-W04-Light" -> "Palatino-nova-W04
-Light.ttf"
\g__fontspec_family_Palatino-nova-W04-Light_int=\count402
luaotfload | load : Lookup/name: "Palatino-nova-W04-Light" -> "Palatino-nova-W04
-Light.ttf"
luaotfload | load : Lookup/name: "Palatino-nova-W04-Light" -> "Palatino-nova-W04
-Light.ttf"
luaotfload | load : Lookup/name: "Palatino-nova-W04-Titling" -> "Palatino nova W
04 Titling.ttf"(compiling luc: /var/lib/texmf/luatex-cache/generic/fonts/otf/pal
atino-nova-w04-titling.luc)(load luc: /home/alex/.texmf-var/luatex-cache/generic
/fonts/otf/palatino-nova-w04-titling.luc)
luaotfload | aux : font no 142 (PalatinonovaW04-Titling) does not define feature
 rlig for script latn with language dflt
luaotfload | aux : no font with id 142
*************************************************
* fontspec warning: "icu-feature-not-exist-in-font"
* 
* OpenType feature 'Ligatures= NoRequired, NoCommon, NoContextual, ' (-rlig)
* not available for font 'Palatino-nova-W04-Titling' with script 'Latin' and
* language 'Default'.
*************************************************
luaotfload | aux : font no 142 (PalatinonovaW04-Titling) does not define feature
 clig for script latn with language dflt
luaotfload | aux : no font with id 142
*************************************************
* fontspec warning: "icu-feature-not-exist-in-font"
* 
* OpenType feature 'Ligatures= NoRequired, NoCommon, NoContextual, ' (-clig)
* not available for font 'Palatino-nova-W04-Titling' with script 'Latin' and
* language 'Default'.
*************************************************
luaotfload | load : Lookup/name: "Palatino-nova-W04-Medium" -> "Palatino-nova-W0
4-Medium.ttf"(compiling luc: /var/lib/texmf/luatex-cache/generic/fonts/otf/palat
ino-nova-w04-medium.luc)(load luc: /home/alex/.texmf-var/luatex-cache/generic/fo
nts/otf/palatino-nova-w04-medium.luc)
luaotfload | load : Lookup/name: "Palatino-nova-W04-Medium" -> "Palatino-nova-W0
4-Medium.ttf"
luaotfload | load : Lookup/name: "Palatino-nova-W04-Titling" -> "Palatino nova W
04 Titling.ttf"
luaotfload | aux : font no 142 (PalatinonovaW04-Titling) does not define feature
 rlig for script latn with language dflt
luaotfload | aux : no font with id 142
*************************************************
* fontspec warning: "icu-feature-not-exist-in-font"
* 
* OpenType feature 'Ligatures= NoRequired, NoCommon, NoContextual, ' (-rlig)
* not available for font 'Palatino-nova-W04-Titling' with script 'Latin' and
* language 'Default'.
*************************************************
luaotfload | aux : font no 142 (PalatinonovaW04-Titling) does not define feature
 clig for script latn with language dflt
luaotfload | aux : no font with id 142
*************************************************
* fontspec warning: "icu-feature-not-exist-in-font"
* 
* OpenType feature 'Ligatures= NoRequired, NoCommon, NoContextual, ' (-clig)
* not available for font 'Palatino-nova-W04-Titling' with script 'Latin' and
* language 'Default'.
*************************************************
luaotfload | load : Lookup/name: "Palatino-nova-W04-Light-Italic" -> "Palatino-n
ova-W04-Light-Italic.ttf"(compiling luc: /var/lib/texmf/luatex-cache/generic/fon
ts/otf/palatino-nova-w04-light-italic.luc)(load luc: /home/alex/.texmf-var/luate
x-cache/generic/fonts/otf/palatino-nova-w04-light-italic.luc)
luaotfload | load : Lookup/name: "Palatino-nova-W04-Light-Italic" -> "Palatino-n
ova-W04-Light-Italic.ttf"
luaotfload | load : Lookup/name: "Palatino-nova-W04-Titling" -> "Palatino nova W
04 Titling.ttf"
luaotfload | aux : font no 142 (PalatinonovaW04-Titling) does not define feature
 rlig for script latn with language dflt
luaotfload | aux : no font with id 142
*************************************************
* fontspec warning: "icu-feature-not-exist-in-font"
* 
* OpenType feature 'Ligatures= NoRequired, NoCommon, NoContextual, ' (-rlig)
* not available for font 'Palatino-nova-W04-Titling' with script 'Latin' and
* language 'Default'.
*************************************************
luaotfload | aux : font no 142 (PalatinonovaW04-Titling) does not define feature
 clig for script latn with language dflt
luaotfload | aux : no font with id 142
*************************************************
* fontspec warning: "icu-feature-not-exist-in-font"
* 
* OpenType feature 'Ligatures= NoRequired, NoCommon, NoContextual, ' (-clig)
* not available for font 'Palatino-nova-W04-Titling' with script 'Latin' and
* language 'Default'.
*************************************************
luaotfload | load : Lookup/name: "Palatino-nova-W04-Medium-Italic" -> "Palatino 
nova W04 Medium Italic.ttf"(compiling luc: /var/lib/texmf/luatex-cache/generic/f
onts/otf/palatino-nova-w04-medium-italic.luc)(load luc: /home/alex/.texmf-var/lu
atex-cache/generic/fonts/otf/palatino-nova-w04-medium-italic.luc)
luaotfload | load : Lookup/name: "Palatino-nova-W04-Medium-Italic" -> "Palatino 
nova W04 Medium Italic.ttf"
luaotfload | load : Lookup/name: "Palatino-nova-W04-Titling" -> "Palatino nova W
04 Titling.ttf"
luaotfload | aux : font no 142 (PalatinonovaW04-Titling) does not define feature
 rlig for script latn with language dflt
luaotfload | aux : no font with id 142
*************************************************
* fontspec warning: "icu-feature-not-exist-in-font"
* 
* OpenType feature 'Ligatures= NoRequired, NoCommon, NoContextual, ' (-rlig)
* not available for font 'Palatino-nova-W04-Titling' with script 'Latin' and
* language 'Default'.
*************************************************
luaotfload | aux : font no 142 (PalatinonovaW04-Titling) does not define feature
 clig for script latn with language dflt
luaotfload | aux : no font with id 142
*************************************************
* fontspec warning: "icu-feature-not-exist-in-font"
* 
* OpenType feature 'Ligatures= NoRequired, NoCommon, NoContextual, ' (-clig)
* not available for font 'Palatino-nova-W04-Titling' with script 'Latin' and
* language 'Default'.
*************************************************
.................................................
. fontspec info: "defining-font"
. 
. Font family 'Palatino-nova-W04-Light(0)' created for font
. 'Palatino-nova-W04-Light' with options [Ligatures=TeX,BoldFont =
. Palatino-nova-W04-Medium,ItalicFont =
. Palatino-nova-W04-Light-Italic,BoldItalicFont =
. Palatino-nova-W04-Medium-Italic,SmallCapsFont =
. Palatino-nova-W04-Titling,SmallCapsFeatures = { Ligatures = { NoRequired,
. NoCommon, NoContextual, }, }].
. 
. This font family consists of the following NFSS series/shapes:
. - 'normal' (m/n) with NFSS spec.:
. <->"Palatino-nova-W04-Light:mode=node;script=latn;language=DFLT;+tlig;"
. - 'small caps'  (m/sc) with NFSS spec.:
. <->"Palatino-nova-W04-Titling:mode=node;script=latn;language=DFLT;+tlig;-liga;
"-
. 'bold' (bx/n) with NFSS spec.:
. <->"Palatino-nova-W04-Medium:mode=node;script=latn;language=DFLT;+tlig;"
. - 'bold small caps'  (bx/sc) with NFSS spec.:
. <->"Palatino-nova-W04-Titling:mode=node;script=latn;language=DFLT;+tlig;-liga;
"-
. 'italic' (m/it) with NFSS spec.:
. <->"Palatino-nova-W04-Light-Italic:mode=node;script=latn;language=DFLT;+tlig;"

. - 'italic small caps'  (m/itsc) with NFSS spec.:
. <->"Palatino-nova-W04-Titling:mode=node;script=latn;language=DFLT;+tlig;-liga;
"-
. 'bold italic' (bx/it) with NFSS spec.:
. <->"Palatino-nova-W04-Medium-Italic:mode=node;script=latn;language=DFLT;+tlig;
"
. - 'bold italic small caps'  (bx/itsc) with NFSS spec.:
. <->"Palatino-nova-W04-Titling:mode=node;script=latn;language=DFLT;+tlig;-liga;
"
.................................................
luaotfload | load : Lookup/name: "Palatino-nova-W04-Light" -> "Palatino-nova-W04
-Light.ttf"
luaotfload | load : Lookup/name: "Anonymous_Pro" -> "Anonymous_Pro.ttf"(compilin
g luc: /var/lib/texmf/luatex-cache/generic/fonts/otf/anonymous-pro.luc)(load luc
: /home/alex/.texmf-var/luatex-cache/generic/fonts/otf/anonymous-pro.luc)
luaotfload | load : Lookup/name: "Anonymous_Pro" -> "Anonymous_Pro.ttf"
luaotfload | aux : font no 147 (AnonymousPro) defines no feature for script latn
luaotfload | aux : no font with id 147
.................................................
. fontspec info: "no-scripts"
. 
. Font Anonymous_Pro does not contain any OpenType `Script' information.
.................................................
\g__fontspec_family_Anonymous_Pro_int=\count403
luaotfload | load : Lookup/name: "Anonymous_Pro" -> "Anonymous_Pro.ttf"
luaotfload | load : Lookup/name: "Anonymous_Pro" -> "Anonymous_Pro.ttf"
luaotfload | aux : font no 147 (AnonymousPro) does not define feature smcp for s
cript  with language 
luaotfload | aux : no font with id 147
luaotfload | db : Reload initiated (formats: otf,ttf,ttc,dfont); reason: "Font A
nonymous_Pro_B not found.".(compiling luc: /var/lib/texmf/luatex-cache/generic/f
onts/otf/anonymous-pro-b.luc)(load luc: /home/alex/.texmf-var/luatex-cache/gener
ic/fonts/otf/anonymous-pro-b.luc)
luaotfload | aux : font no 148 (AnonymousPro-Bold) does not define feature smcp 
for script  with language 
luaotfload | aux : no font with id 148(compiling luc: /var/lib/texmf/luatex-cach
e/generic/fonts/otf/anonymous-pro-i.luc)(load luc: /home/alex/.texmf-var/luatex-
cache/generic/fonts/otf/anonymous-pro-i.luc)
luaotfload | aux : font no 149 (AnonymousPro-Italic) does not define feature smc
p for script  with language 
luaotfload | aux : no font with id 149(compiling luc: /var/lib/texmf/luatex-cach
e/generic/fonts/otf/anonymous-pro-bi.luc)(load luc: /home/alex/.texmf-var/luatex
-cache/generic/fonts/otf/anonymous-pro-bi.luc)
luaotfload | aux : font no 150 (AnonymousPro-BoldItalic) does not define feature
 smcp for script  with language 
luaotfload | aux : no font with id 150
.................................................
. fontspec info: "defining-font"
. 
. Font family 'Anonymous_Pro(0)' created for font 'Anonymous_Pro' with options
. [WordSpace={1,0,0},PunctuationSpace=WordSpace,BoldFont = *_B,ItalicFont =
. *_I,BoldItalicFont = *_BI].
. 
. This font family consists of the following NFSS series/shapes:
. - 'normal' (m/n) with NFSS spec.: <->"Anonymous_Pro:mode=node;"
. - 'small caps'  (m/sc) with NFSS spec.: 
. and font adjustment code:
. \fontdimen 2\font =1\fontdimen 2\font \fontdimen 3\font =0\fontdimen 3\font
. \fontdimen 4\font =0\fontdimen 4\font \fontdimen 7\font =0\fontdimen 2\font
. - 'bold' (bx/n) with NFSS spec.: <->"Anonymous_Pro_B:mode=node;"
. - 'bold small caps'  (bx/sc) with NFSS spec.: 
. and font adjustment code:
. \fontdimen 2\font =1\fontdimen 2\font \fontdimen 3\font =0\fontdimen 3\font
. \fontdimen 4\font =0\fontdimen 4\font \fontdimen 7\font =0\fontdimen 2\font
. - 'italic' (m/it) with NFSS spec.: <->"Anonymous_Pro_I:mode=node;"
. - 'italic small caps'  (m/itsc) with NFSS spec.: 
. and font adjustment code:
. \fontdimen 2\font =1\fontdimen 2\font \fontdimen 3\font =0\fontdimen 3\font
. \fontdimen 4\font =0\fontdimen 4\font \fontdimen 7\font =0\fontdimen 2\font
. - 'bold italic' (bx/it) with NFSS spec.: <->"Anonymous_Pro_BI:mode=node;"
. - 'bold italic small caps'  (bx/itsc) with NFSS spec.: 
. and font adjustment code:
. \fontdimen 2\font =1\fontdimen 2\font \fontdimen 3\font =0\fontdimen 3\font
. \fontdimen 4\font =0\fontdimen 4\font \fontdimen 7\font =0\fontdimen 2\font 
.................................................
) (./Lengths.tex) (./ErrorTools.tex
\c@UNDEFerr=\count404
) (./PageHeader.tex
\c@Rsubpage=\count405
)
(./PageTools.tex) (./Sections.tex
\c@Rvolumestart=\count406
\c@Rchapterstart=\count407
\c@Rvolume=\count408
\c@Rchapter=\count409
\c@Rsection=\count410
\c@Rsubsect=\count411
\Rvolpre=\skip159
\Rchppre=\skip160
\Rsecpre=\skip161
\Rsecpro=\skip162
\Rsubpre=\skip163
\Rsubpro=\skip164
\Rmajortocfile=\write8
\Rminortocfile=\write9

\openout8 = RSkylInternal/MajorContents.new

\openout9 = RSkylInternal/MinorContents0.new
\Rtoclen=\skip165
) (./EnumItem.tex) (./Mathematics.tex)
(./Music.tex) (./Code.tex
runsystem(pygmentize -S bw -f latex -P commandprefix=PYGbw > "RSkyl.out.pyg")...
executed.

 (./RSkyl.out.pyg)))
runsystem(which "pygmentize" && touch "RSkyl.aex")...executed.

runsystem(rm "RSkyl.aex")...executed.

 (./RSkyl.aux)
\openout1 = RSkyl.aux

LaTeX Font Info:    Checking defaults for OML/cmm/m/it on input line 17.
LaTeX Font Info:    ... okay on input line 17.
LaTeX Font Info:    Checking defaults for T1/cmr/m/n on input line 17.
LaTeX Font Info:    ... okay on input line 17.
LaTeX Font Info:    Checking defaults for OT1/cmr/m/n on input line 17.
LaTeX Font Info:    ... okay on input line 17.
LaTeX Font Info:    Checking defaults for OMS/cmsy/m/n on input line 17.
LaTeX Font Info:    ... okay on input line 17.
LaTeX Font Info:    Checking defaults for OMX/cmex/m/n on input line 17.
LaTeX Font Info:    ... okay on input line 17.
LaTeX Font Info:    Checking defaults for U/cmr/m/n on input line 17.
LaTeX Font Info:    ... okay on input line 17.
LaTeX Font Info:    Checking defaults for EU2/lmr/m/n on input line 17.
LaTeX Font Info:    ... okay on input line 17.
LaTeX Font Info:    Checking defaults for T3/cmr/m/n on input line 17.
LaTeX Font Info:    Try loading font information for T3+cmr on input line 17.

(/usr/share/texmf/tex/latex/tipa/t3cmr.fd
File: t3cmr.fd 2001/12/31 TIPA font definitions
)
LaTeX Font Info:    ... okay on input line 17.
LaTeX Font Info:    Checking defaults for PD1/pdf/m/n on input line 17.
LaTeX Font Info:    ... okay on input line 17.

(/usr/share/texlive/texmf-dist/tex/context/base/supp-pdf.mkii
[Loading MPS to PDF converter (version 2006.09.02).]
\scratchcounter=\count412
\scratchdimen=\dimen408
\scratchbox=\box120
\nofMPsegments=\count413
\nofMParguments=\count414
\everyMPshowfont=\toks99
\MPscratchCnt=\count415
\MPscratchDim=\dimen409
\MPnumerator=\count416
\makeMPintoPDFobject=\count417
\everyMPtoPDFconversion=\toks100
) (/usr/share/texlive/texmf-dist/tex/latex/oberdiek/epstopdf-base.sty
Package: epstopdf-base 2010/02/09 v2.5 Base part for package epstopdf

(/usr/share/texlive/texmf-dist/tex/latex/oberdiek/grfext.sty
Package: grfext 2010/08/19 v1.1 Manage graphics extensions (HO)
)
Package grfext Info: Graphics extension search list:
(grfext)             [.png,.pdf,.jpg,.mps,.tif,.jpeg,.PNG,.PDF,.JPG,.JPEG,.eps]
(grfext)             \AppendGraphicsExtensions on input line 452.

(/usr/share/texlive/texmf-dist/tex/latex/latexconfig/epstopdf-sys.cfg
File: epstopdf-sys.cfg 2010/07/13 v1.3 Configuration of (r)epstopdf for TeX Live

))
runsystem(pygmentize -S default -f latex -P commandprefix=PYG > "RSkyl.out.pyg")
...executed.


(./RSkyl.out.pyg)
\c@lstlisting=\count418
 ABD: EveryShipout initializing macros

Package pgfplots Warning: running in backwards compatibility mode (unsuitable ti
ck labels; missing features). Consider writing \pgfplotsset{compat=1.13} into yo
ur preamble.
 on input line 17.

\AtBeginShipoutBox=\box121
Package hyperref Info: Link coloring OFF on input line 17.
(/usr/share/texlive/texmf-dist/tex/latex/hyperref/nameref.sty
Package: nameref 2012/10/27 v2.43 Cross-referencing by name of section

(/usr/share/texlive/texmf-dist/tex/generic/oberdiek/gettitlestring.sty
Package: gettitlestring 2010/12/03 v1.4 Cleanup title references (HO)
)
\c@section@level=\count419
)
LaTeX Info: Redefining \ref on input line 17.
LaTeX Info: Redefining \pageref on input line 17.
LaTeX Info: Redefining \nameref on input line 17.

(./RSkyl.out) (./RSkyl.out)
\@outlinefile=\write10

\openout10 = RSkyl.out

\openout7 = RSkyl.mx1
luaotfload | load : Lookup/name: "Palatino-nova-W04-Light" -> "Palatino-nova-W04
-Light.ttf"
luaotfload | load : Lookup/name: "Palatino-nova-W04-Medium" -> "Palatino-nova-W0
4-Medium.ttf"
luaotfload | load : Lookup/name: "Palatino-nova-W04-Light" -> "Palatino-nova-W04
-Light.ttf"
luaotfload | load : Lookup/name: "Palatino-nova-W04-Medium" -> "Palatino-nova-W0
4-Medium.ttf" [1

{/var/lib/texmf/fonts/map/pdftex/updmap/pdftex.map}]
luaotfload | load : Lookup/name: "Palatino-nova-W04-Medium" -> "Palatino-nova-W0
4-Medium.ttf" (./RSkylInternal/MajorContents.tex)
Underfull \hbox (badness 10000) in paragraph at lines 35--36


\hbox(0.0+0.0)x345.0, direction TLT []


Package UNDEF Warning: Use of undefined command (1) on input line 37.

LaTeX Font Info:    Try loading font information for U+zeur on input line 37.
(/usr/share/texlive/texmf-dist/tex/latex/eulervm/uzeur.fd
File: uzeur.fd 2005/01/11 v4.0 (WaS)
)
LaTeX Font Info:    Try loading font information for U+zeus on input line 37.

(/usr/share/texlive/texmf-dist/tex/latex/eulervm/uzeus.fd
File: uzeus.fd 2005/01/11 v4.0 (WaS)
)
LaTeX Font Info:    Try loading font information for U+zeuex on input line 37.

(/usr/share/texlive/texmf-dist/tex/latex/eulervm/uzeuex.fd
File: uzeuex.fd 2005/01/11 v4.0 (WaS)
) [2]
\openout9 = RSkylInternal/MinorContents1.new

luaotfload | load : Lookup/name: "Palatino-nova-W04-Light" -> "Palatino-nova-W04
-Light.ttf"
luaotfload | load : Lookup/name: "Palatino-nova-W04-Medium" -> "Palatino-nova-W0
4-Medium.ttf"
(./RSkylInternal/MinorContents1.tex)
Underfull \hbox (badness 10000) in paragraph at lines 39--41


\hbox(0.0+0.0)x345.0, direction TLT []

[3]
luaotfload | load : Lookup/name: "Palatino-nova-W04-Light" -> "Palatino-nova-W04
-Light.ttf"
luaotfload | load : Lookup/name: "Palatino-nova-W04-Medium" -> "Palatino-nova-W0
4-Medium.ttf"
luaotfload | load : Lookup/name: "Anonymous_Pro" -> "Anonymous_Pro.ttf"
luaotfload | load : Lookup/name: "CharisSIL" -> "CharisSIL-R.ttf" [4] (./RSkylI
nternal/lilypondTest.tex
(./RSkylInternal/61/lily-1ab8b9f1-systems.tex
Package epstopdf Info: Source file: <RSkylInternal/61/lily-1ab8b9f1-1.eps>
(epstopdf)                    date: 2020-12-03 23:19:07
(epstopdf)                    size: 193098 bytes
(epstopdf)             Output file: <RSkylInternal/61/lily-1ab8b9f1-1-eps-conver
ted-to.pdf>
(epstopdf)                    date: 2020-12-03 23:19:07
(epstopdf)                    size: 18056 bytes
(epstopdf)             Command: <epstopdf --outfile=RSkylInternal/61/lily-1ab8b9
f1-1-eps-converted-to.pdf RSkylInternal/61/lily-1ab8b9f1-1.eps>
(epstopdf)             \includegraphics on input line 1.
Package epstopdf Info: Output file is already uptodate.

LuaTeX warning (file RSkylInternal/61/lily-1ab8b9f1-1-eps-converted-to.pdf): PDF
 inclusion: found PDF version <1.7>, but at most version <1.5> allowed

<RSkylInternal/61/lily-1ab8b9f1-1-eps-converted-to.pdf, id=60, 207.77625pt x 41
.15375pt>
File: RSkylInternal/61/lily-1ab8b9f1-1-eps-converted-to.pdf Graphic file (type p
df)
 <use RSkylInternal/61/lily-1ab8b9f1-1-eps-converted-to.pdf>
Package pdftex.def Info: RSkylInternal/61/lily-1ab8b9f1-1-eps-converted-to.pdf u
sed on input line 1.
(pdftex.def)             Requested size: 207.77573pt x 41.15364pt.
))
[5<./RSkylInternal/61/lily-1ab8b9f1-1-eps-converted-to.pdf>]
runsystem(pygmentize -l lua -f latex -P commandprefix=PYG -F tokenmerge -P mathe
scape=True -o "RSkyl.out.pyg" "Rinputif.lua" )...executed.

 (./RSkyl.out.pyg
luaotfload | load : Lookup/name: "Palatino-nova-W04-Light" -> "Palatino-nova-W04
-Light.ttf")
[6]
Overfull \hbox (7.79501pt too wide) in paragraph at lines 92--97
\EU2/Palatino-nova-W04-Light(0)/m/n/10 ABCDEFGHIJKLMNOPQRSTUVWXYZ 

\hbox(6.96+2.06)x165.615, direction TLT []

luaotfload | load : Lookup/name: "Palatino-nova-W04-Light-Italic" -> "Palatino-n
ova-W04-Light-Italic.ttf"
Overfull \hbox (0.71506pt too wide) in paragraph at lines 98--103
\EU2/Palatino-nova-W04-Light(0)/m/it/10 ABCDEFGHIJKLMNOPQRSTUVWXYZ 

\hbox(6.95+2.15)x165.615, direction TLT []


Overfull \hbox (15.785pt too wide) in paragraph at lines 104--109
\EU2/Palatino-nova-W04-Light(0)/bx/n/10 ABCDEFGHIJKLMNOPQRSTUVWXYZ 

\hbox(6.98+2.07)x165.615, direction TLT []

luaotfload | load : Lookup/name: "Palatino-nova-W04-Medium-Italic" -> "Palatino 
nova W04 Medium Italic.ttf"
Overfull \hbox (7.17499pt too wide) in paragraph at lines 110--115
\EU2/Palatino-nova-W04-Light(0)/bx/it/10 ABCDEFGHIJKLMNOPQRSTUVWXYZ 

\hbox(6.98+2.2)x165.615, direction TLT []

luaotfload | load : Lookup/name: "Palatino-nova-W04-Titling" -> "Palatino nova W
04 Titling.ttf"
Overfull \hbox (15.19502pt too wide) in paragraph at lines 124--129
\EU2/Palatino-nova-W04-Light(0)/m/sc/10 ABCDEFGHIJKLMNOPQRSTUVWXYZ 

\hbox(7.2+1.54)x165.615, direction TLT []


Overfull \hbox (14.51483pt too wide) in paragraph at lines 130--135
\U/zeur/m/n/10 ABCDEFGHIJKLMNOPQRSTUVWXYZ$ 

\hbox(6.90999+1.89)x165.615, direction TLT []


Overfull \hbox (30.7118pt too wide) in paragraph at lines 136--141
[]$ 

\hbox(6.91406+1.89056)x165.615, direction TLT []


Overfull \hbox (16.9848pt too wide) in paragraph at lines 142--145
[]$ 

\hbox(7.01999+1.26)x165.615, direction TLT []


Overfull \hbox (17.7187pt too wide) in paragraph at lines 146--149
[]$ 

\hbox(6.88889+1.66666)x165.615, direction TLT []


Overfull \hbox (1.45042pt too wide) in paragraph at lines 150--155
\EU2/CharisSIL(0)/m/n/10 ABCDEFGHIJKLMNOPQRSTUVWXYZ 

\hbox(6.87012+1.81152)x165.615, direction TLT []

[7]
Overfull \hbox (1.16162pt too wide) in paragraph at lines 161--163
[][]\EU2/Palatino-nova-W04-Light(0)/m/n/10 De-note vec-tors, di-rec-tion vec-to
rs, and ma-tri-ces with []\EU2/Anonymous_Pro(0)/m/n/10 \Rvec\EU2/Palatino-nova-
W04-Light(0)/m/n/10 , []\EU2/Anonymous_Pro(0)/m/n/10 \Rdir\EU2/Palatino-nova-W0
4-Light(0)/m/n/10 , and []\EU2/Anonymous_Pro(0)/m/n/10 \Rmat\EU2/Palatino-nova-
W04-Light(0)/m/n/10 . 

\hbox(7.18+1.32)x345.0, glue set - 1.0, direction TLT []


Underfull \hbox (badness 10000) in paragraph at lines 179--180


\hbox(0.0+0.0)x345.0, direction TLT []

[8]
\openout9 = RSkylInternal/MinorContents2.new
 [9]
\openout9 = RSkylInternal/MinorContents3.new
 [10]
Two-sided document style, odd page.
luaotfload | load : Lookup/name: "Palatino-nova-W04-Light" -> "Palatino-nova-W04
-Light.ttf"
luaotfload | load : Lookup/name: "Anonymous_Pro" -> "Anonymous_Pro.ttf" [11]
Two-sided document style, even page.
[12]LuaTeX warning (ext4): destination with the same identifier (name{Rchapter.
1}) has been already used, duplicate ignored
<to be read again> 
\relax 
l.192 \Rchapter{Testing}
                      
Overfull \hbox (4.40134pt too wide) in paragraph at lines 225--225
[][]\EU2/Palatino-nova-W04-Light(0)/m/n/10 Lorem ip-sum do-lor sit amet, con-se
ctetuer adip-isc-ing elit. Ut pu-rus elit, vestibu-

\hbox(7.18+2.71)x345.0, glue set - 1.0, direction TLT []

[13]
runsystem(rm "RSkyl.out.pyg")...executed.

 [14]
Package atveryend Info: Empty hook `BeforeClearDocument' on input line 227.
Package atveryend Info: Empty hook `AfterLastShipout' on input line 227.
 (./RSkyl.aux)
Package atveryend Info: Executing hook `AtVeryEndDocument' on input line 227.
Package atveryend Info: Executing hook `AtEndAfterFileList' on input line 227.
Package rerunfilecheck Info: File `RSkyl.out' has not changed.
(rerunfilecheck)             Checksum: D41D8CD98F00B204E9800998ECF8427E;0.
)

Here is how much of LuaTeX's memory you used:
 58231 strings out of 495004
 125171,1648299 words of node,token memory allocated
 594 words of node memory still in use:
   10 hlist, 2 vlist, 2 rule, 2 glue, 1 kern, 9 attribute, 72 glue_spec, 9 attri
bute_list, 1 write nodes
   avail lists: 2:2147,3:675,4:957,5:197,6:2341,7:202,8:12,9:400,10:210
 59753 multiletter control sequences out of 65536+600000
 228 fonts using 18189351 bytes
 151i,16n,180p,854b,3383s stack positions out of 5000i,500n,10000p,200000b,100000s
LuaTeX warning (dest): name{RSkyl:V:2:6:1:0} has been referenced but does not ex
ist, replaced by a fixed one

</home/alex/.fonts/Palatino nova W04 Titling.ttf></home/alex/.fonts/Palatino nov
a W04 Medium Italic.ttf></home/alex/.fonts/Palatino-nova-W04-Light-Italic.ttf></
home/alex/.fonts/Anonymous_Pro_BI.ttf></home/alex/.fonts/Anonymous_Pro_I.ttf></h
ome/alex/.fonts/Anonymous_Pro_B.ttf></usr/share/fonts/opentype/charis/CharisSIL-
R.ttf></home/alex/.fonts/Anonymous_Pro.ttf></home/alex/.fonts/Palatino-nova-W04-
Light.ttf></home/alex/.fonts/Palatino-nova-W04-Medium.ttf><</usr/share/texlive/t
exmf-dist/fonts/type1/public/amsfonts/cm/cmex10.pfb><</usr/share/texlive/texmf-d
ist/fonts/type1/public/amsfonts/cm/cmsy10.pfb><</usr/share/texlive/texmf-dist/fo
nts/type1/public/amsfonts/euler/euex10.pfb><</usr/share/texlive/texmf-dist/fonts
/type1/public/amsfonts/euler/eufm10.pfb><</usr/share/texlive/texmf-dist/fonts/ty
pe1/public/amsfonts/euler/eufm7.pfb><</usr/share/texlive/texmf-dist/fonts/type1/
public/amsfonts/euler/eurm10.pfb><</usr/share/texlive/texmf-dist/fonts/type1/pub
lic/amsfonts/euler/eurm5.pfb><</usr/share/texlive/texmf-dist/fonts/type1/public/
amsfonts/euler/eurm7.pfb><</usr/share/texlive/texmf-dist/fonts/type1/public/amsf
onts/euler/eusm10.pfb><</usr/share/texlive/texmf-dist/fonts/type1/public/amsfont
s/latxfont/lcircle1.pfb><</usr/share/texlive/texmf-dist/fonts/type1/public/amsfo
nts/latxfont/line10.pfb><</usr/share/texlive/texmf-dist/fonts/type1/public/amsfo
nts/symbols/msbm10.pfb>
Output written on RSkyl.pdf (14 pages, 286853 bytes).

PDF statistics: 244 PDF objects out of 1000 (max. 8388607)
 181 compressed objects within 2 object streams
 37 named destinations out of 1000 (max. 131072)
 16 words of extra memory for PDF output out of 10000 (max. 10000000)

